26-10-16_16:39:38 (main) INFO  [DataNucleus.Enhancer] - DataNucleus Enhancer (versión 5.0.3) para el API "JDO" utilisando el JRE "{2}"
26-10-16_16:39:38 (main) INFO  [DataNucleus.Enhancer] - DataNucleus Enhancer ha terminado con exito para 0 clases.
26-10-16_16:39:38 (main) INFO  [DataNucleus.Enhancer] - DataNucleus Enhancer ha terminado sin enhance ninguna clase. Compruebe el LOG para los detalles.
26-10-16_16:45:31 (main) INFO  [DataNucleus.Enhancer] - DataNucleus Enhancer (versión 5.0.3) para el API "JDO" utilisando el JRE "{2}"
26-10-16_16:45:31 (main) INFO  [DataNucleus.Enhancer] - DataNucleus Enhancer ha terminado con exito para 0 clases.
26-10-16_16:45:31 (main) INFO  [DataNucleus.Enhancer] - DataNucleus Enhancer ha terminado sin enhance ninguna clase. Compruebe el LOG para los detalles.
26-10-16_16:45:31 (main) INFO  [DataNucleus.SchemaTool] - DataNucleus SchemaTool : Creación del esquema para clases
26-10-16_16:45:31 (main) INFO  [DataNucleus.SchemaTool] - DataNucleus SchemaTool : Classpath
26-10-16_16:45:31 (main) INFO  [DataNucleus.SchemaTool] - >>  /home/inigo/workspace/Java/Internet_Communication/PLANEJDO2/lib/datanucleus-api-jdo-5.0.3.jar
26-10-16_16:45:31 (main) INFO  [DataNucleus.SchemaTool] - >>  /home/inigo/workspace/Java/Internet_Communication/PLANEJDO2/lib/datanucleus-core-5.0.3.jar
26-10-16_16:45:31 (main) INFO  [DataNucleus.SchemaTool] - >>  /home/inigo/workspace/Java/Internet_Communication/PLANEJDO2/lib/datanucleus-rdbms-5.0.3.jar
26-10-16_16:45:31 (main) INFO  [DataNucleus.SchemaTool] - >>  /home/inigo/workspace/Java/Internet_Communication/PLANEJDO2/lib/javax.jdo-3.2.0-m5.jar
26-10-16_16:45:31 (main) INFO  [DataNucleus.SchemaTool] - >>  /home/inigo/workspace/Java/Internet_Communication/PLANEJDO2/lib/log4j-1.2.14.jar
26-10-16_16:45:31 (main) INFO  [DataNucleus.SchemaTool] - >>  /home/inigo/workspace/Java/Internet_Communication/PLANEJDO2/lib/mysql-connector-java-5.1.40-bin.jar
26-10-16_16:45:31 (main) INFO  [DataNucleus.SchemaTool] - >>  /home/inigo/workspace/Java/Internet_Communication/PLANEJDO2/bin
26-10-16_16:45:31 (main) INFO  [DataNucleus.SchemaTool] - >>  /home/inigo/workspace/Java/Internet_Communication/PLANEJDO2/resources
26-10-16_16:45:32 (main) INFO  [DataNucleus.Persistence] - Propiedad datanucleus.autocreateall desconocida - vamos a ignorarla
26-10-16_16:45:34 (main) INFO  [DataNucleus.SchemaTool] - DataNucleus SchemaTool : Ficheros
26-10-16_16:45:34 (main) INFO  [DataNucleus.SchemaTool] - >>  /home/inigo/workspace/Java/Internet_Communication/PLANEJDO2/bin/es/deusto/ingenieria/sd/jdo/inventory/Main.class
26-10-16_16:45:34 (main) INFO  [DataNucleus.SchemaTool] - >>  /home/inigo/workspace/Java/Internet_Communication/PLANEJDO2/bin/es/deusto/ingenieria/sd/jdo/inventory/Passenger.class
26-10-16_16:45:34 (main) INFO  [DataNucleus.SchemaTool] - >>  /home/inigo/workspace/Java/Internet_Communication/PLANEJDO2/bin/es/deusto/ingenieria/sd/jdo/inventory/Reservation.class
26-10-16_16:45:34 (main) INFO  [DataNucleus.SchemaTool] - >>  /home/inigo/workspace/Java/Internet_Communication/PLANEJDO2/bin/es/deusto/ingenieria/sd/jdo/inventory/User.class
26-10-16_16:45:34 (main) ERROR [DataNucleus.Datastore.Schema] - No hay clases !
26-10-16_16:45:34 (main) ERROR [DataNucleus.SchemaTool] - DataNucleus SchemaTool ha lanzado una excepción. Por favor consulte el Log para ver más detalles: No hay clases !
No hay clases !
org.datanucleus.exceptions.NucleusException: No hay clases !
	at org.datanucleus.store.rdbms.RDBMSStoreManager.createSchemaForClasses(RDBMSStoreManager.java:3965)
	at org.datanucleus.store.schema.SchemaTool.createSchemaForClasses(SchemaTool.java:510)
	at org.datanucleus.store.schema.SchemaTool.main(SchemaTool.java:426)
26-10-16_16:48:43 (main) INFO  [DataNucleus.Enhancer] - DataNucleus Enhancer (versión 5.0.3) para el API "JDO" utilisando el JRE "{2}"
26-10-16_16:48:43 (main) INFO  [DataNucleus.Enhancer] - DataNucleus Enhancer ha terminado con exito para 0 clases.
26-10-16_16:48:43 (main) INFO  [DataNucleus.Enhancer] - DataNucleus Enhancer ha terminado sin enhance ninguna clase. Compruebe el LOG para los detalles.
26-10-16_16:48:43 (main) INFO  [DataNucleus.SchemaTool] - DataNucleus SchemaTool : Creación del esquema para clases
26-10-16_16:48:43 (main) INFO  [DataNucleus.SchemaTool] - DataNucleus SchemaTool : Classpath
26-10-16_16:48:43 (main) INFO  [DataNucleus.SchemaTool] - >>  /home/inigo/workspace/Java/Internet_Communication/PLANEJDO2/lib/datanucleus-api-jdo-5.0.3.jar
26-10-16_16:48:43 (main) INFO  [DataNucleus.SchemaTool] - >>  /home/inigo/workspace/Java/Internet_Communication/PLANEJDO2/lib/datanucleus-core-5.0.3.jar
26-10-16_16:48:43 (main) INFO  [DataNucleus.SchemaTool] - >>  /home/inigo/workspace/Java/Internet_Communication/PLANEJDO2/lib/datanucleus-rdbms-5.0.3.jar
26-10-16_16:48:43 (main) INFO  [DataNucleus.SchemaTool] - >>  /home/inigo/workspace/Java/Internet_Communication/PLANEJDO2/lib/javax.jdo-3.2.0-m5.jar
26-10-16_16:48:43 (main) INFO  [DataNucleus.SchemaTool] - >>  /home/inigo/workspace/Java/Internet_Communication/PLANEJDO2/lib/log4j-1.2.14.jar
26-10-16_16:48:43 (main) INFO  [DataNucleus.SchemaTool] - >>  /home/inigo/workspace/Java/Internet_Communication/PLANEJDO2/lib/mysql-connector-java-5.1.40-bin.jar
26-10-16_16:48:43 (main) INFO  [DataNucleus.SchemaTool] - >>  /home/inigo/workspace/Java/Internet_Communication/PLANEJDO2/bin
26-10-16_16:48:43 (main) INFO  [DataNucleus.SchemaTool] - >>  /home/inigo/workspace/Java/Internet_Communication/PLANEJDO2/resources
26-10-16_16:48:44 (main) INFO  [DataNucleus.Persistence] - Propiedad datanucleus.autocreateall desconocida - vamos a ignorarla
26-10-16_16:48:46 (main) INFO  [DataNucleus.SchemaTool] - DataNucleus SchemaTool : Ficheros
26-10-16_16:48:46 (main) INFO  [DataNucleus.SchemaTool] - >>  /home/inigo/workspace/Java/Internet_Communication/PLANEJDO2/bin/es/deusto/ingenieria/sd/jdo/inventory/Main.class
26-10-16_16:48:46 (main) INFO  [DataNucleus.SchemaTool] - >>  /home/inigo/workspace/Java/Internet_Communication/PLANEJDO2/bin/es/deusto/ingenieria/sd/jdo/inventory/Passenger.class
26-10-16_16:48:46 (main) INFO  [DataNucleus.SchemaTool] - >>  /home/inigo/workspace/Java/Internet_Communication/PLANEJDO2/bin/es/deusto/ingenieria/sd/jdo/inventory/Reservation.class
26-10-16_16:48:46 (main) INFO  [DataNucleus.SchemaTool] - >>  /home/inigo/workspace/Java/Internet_Communication/PLANEJDO2/bin/es/deusto/ingenieria/sd/jdo/inventory/User.class
26-10-16_16:48:46 (main) ERROR [DataNucleus.Datastore.Schema] - No hay clases !
26-10-16_16:48:46 (main) ERROR [DataNucleus.SchemaTool] - DataNucleus SchemaTool ha lanzado una excepción. Por favor consulte el Log para ver más detalles: No hay clases !
No hay clases !
org.datanucleus.exceptions.NucleusException: No hay clases !
	at org.datanucleus.store.rdbms.RDBMSStoreManager.createSchemaForClasses(RDBMSStoreManager.java:3965)
	at org.datanucleus.store.schema.SchemaTool.createSchemaForClasses(SchemaTool.java:510)
	at org.datanucleus.store.schema.SchemaTool.main(SchemaTool.java:426)
26-10-16_16:49:53 (main) INFO  [DataNucleus.Enhancer] - DataNucleus Enhancer (versión 5.0.3) para el API "JDO" utilisando el JRE "{2}"
26-10-16_16:49:53 (main) INFO  [DataNucleus.Enhancer] - DataNucleus Enhancer ha terminado con exito para 0 clases.
26-10-16_16:49:53 (main) INFO  [DataNucleus.Enhancer] - DataNucleus Enhancer ha terminado sin enhance ninguna clase. Compruebe el LOG para los detalles.
26-10-16_16:49:53 (main) INFO  [DataNucleus.SchemaTool] - DataNucleus SchemaTool : Creación del esquema para clases
26-10-16_16:49:53 (main) INFO  [DataNucleus.SchemaTool] - DataNucleus SchemaTool : Classpath
26-10-16_16:49:53 (main) INFO  [DataNucleus.SchemaTool] - >>  /home/inigo/workspace/Java/Internet_Communication/PLANEJDO2/lib/datanucleus-api-jdo-5.0.3.jar
26-10-16_16:49:53 (main) INFO  [DataNucleus.SchemaTool] - >>  /home/inigo/workspace/Java/Internet_Communication/PLANEJDO2/lib/datanucleus-core-5.0.3.jar
26-10-16_16:49:53 (main) INFO  [DataNucleus.SchemaTool] - >>  /home/inigo/workspace/Java/Internet_Communication/PLANEJDO2/lib/datanucleus-rdbms-5.0.3.jar
26-10-16_16:49:53 (main) INFO  [DataNucleus.SchemaTool] - >>  /home/inigo/workspace/Java/Internet_Communication/PLANEJDO2/lib/javax.jdo-3.2.0-m5.jar
26-10-16_16:49:53 (main) INFO  [DataNucleus.SchemaTool] - >>  /home/inigo/workspace/Java/Internet_Communication/PLANEJDO2/lib/log4j-1.2.14.jar
26-10-16_16:49:53 (main) INFO  [DataNucleus.SchemaTool] - >>  /home/inigo/workspace/Java/Internet_Communication/PLANEJDO2/lib/mysql-connector-java-5.1.40-bin.jar
26-10-16_16:49:53 (main) INFO  [DataNucleus.SchemaTool] - >>  /home/inigo/workspace/Java/Internet_Communication/PLANEJDO2/bin
26-10-16_16:49:53 (main) INFO  [DataNucleus.SchemaTool] - >>  /home/inigo/workspace/Java/Internet_Communication/PLANEJDO2/resources
26-10-16_16:49:54 (main) INFO  [DataNucleus.Persistence] - Propiedad datanucleus.autocreateall desconocida - vamos a ignorarla
26-10-16_16:49:56 (main) INFO  [DataNucleus.SchemaTool] - DataNucleus SchemaTool : Ficheros
26-10-16_16:49:56 (main) INFO  [DataNucleus.SchemaTool] - >>  /home/inigo/workspace/Java/Internet_Communication/PLANEJDO2/bin/es/deusto/ingenieria/sd/jdo/inventory/Main.class
26-10-16_16:49:56 (main) INFO  [DataNucleus.SchemaTool] - >>  /home/inigo/workspace/Java/Internet_Communication/PLANEJDO2/bin/es/deusto/ingenieria/sd/jdo/inventory/Passenger.class
26-10-16_16:49:56 (main) INFO  [DataNucleus.SchemaTool] - >>  /home/inigo/workspace/Java/Internet_Communication/PLANEJDO2/bin/es/deusto/ingenieria/sd/jdo/inventory/Reservation.class
26-10-16_16:49:56 (main) INFO  [DataNucleus.SchemaTool] - >>  /home/inigo/workspace/Java/Internet_Communication/PLANEJDO2/bin/es/deusto/ingenieria/sd/jdo/inventory/User.class
26-10-16_16:49:56 (main) ERROR [DataNucleus.Datastore.Schema] - No hay clases !
26-10-16_16:49:56 (main) ERROR [DataNucleus.SchemaTool] - DataNucleus SchemaTool ha lanzado una excepción. Por favor consulte el Log para ver más detalles: No hay clases !
No hay clases !
org.datanucleus.exceptions.NucleusException: No hay clases !
	at org.datanucleus.store.rdbms.RDBMSStoreManager.createSchemaForClasses(RDBMSStoreManager.java:3965)
	at org.datanucleus.store.schema.SchemaTool.createSchemaForClasses(SchemaTool.java:510)
	at org.datanucleus.store.schema.SchemaTool.main(SchemaTool.java:426)
26-10-16_16:53:05 (main) INFO  [DataNucleus.Enhancer] - DataNucleus Enhancer (versión 5.0.3) para el API "JDO" utilisando el JRE "{2}"
26-10-16_16:53:05 (main) INFO  [DataNucleus.Enhancer] - Escribiendo el archivo de clase "/home/inigo/workspace/Java/Internet_Communication/PLANEJDO2/bin/es/deusto/ingenieria/sd/jdo/inventory/Passenger.class" con definicion enhanced
26-10-16_16:53:05 (main) INFO  [DataNucleus.Enhancer] - Escribiendo el archivo de clase "/home/inigo/workspace/Java/Internet_Communication/PLANEJDO2/bin/es/deusto/ingenieria/sd/jdo/inventory/Reservation.class" con definicion enhanced
26-10-16_16:53:05 (main) INFO  [DataNucleus.Enhancer] - Escribiendo el archivo de clase "/home/inigo/workspace/Java/Internet_Communication/PLANEJDO2/bin/es/deusto/ingenieria/sd/jdo/inventory/User.class" con definicion enhanced
26-10-16_16:53:05 (main) INFO  [DataNucleus.Enhancer] - DataNucleus Enhancer ha terminado con exito para 3 clases.
26-10-16_16:53:05 (main) INFO  [DataNucleus.SchemaTool] - DataNucleus SchemaTool : Creación del esquema para clases
26-10-16_16:53:05 (main) INFO  [DataNucleus.SchemaTool] - DataNucleus SchemaTool : Classpath
26-10-16_16:53:05 (main) INFO  [DataNucleus.SchemaTool] - >>  /home/inigo/workspace/Java/Internet_Communication/PLANEJDO2/lib/datanucleus-api-jdo-5.0.3.jar
26-10-16_16:53:05 (main) INFO  [DataNucleus.SchemaTool] - >>  /home/inigo/workspace/Java/Internet_Communication/PLANEJDO2/lib/datanucleus-core-5.0.3.jar
26-10-16_16:53:05 (main) INFO  [DataNucleus.SchemaTool] - >>  /home/inigo/workspace/Java/Internet_Communication/PLANEJDO2/lib/datanucleus-rdbms-5.0.3.jar
26-10-16_16:53:05 (main) INFO  [DataNucleus.SchemaTool] - >>  /home/inigo/workspace/Java/Internet_Communication/PLANEJDO2/lib/javax.jdo-3.2.0-m5.jar
26-10-16_16:53:05 (main) INFO  [DataNucleus.SchemaTool] - >>  /home/inigo/workspace/Java/Internet_Communication/PLANEJDO2/lib/log4j-1.2.14.jar
26-10-16_16:53:05 (main) INFO  [DataNucleus.SchemaTool] - >>  /home/inigo/workspace/Java/Internet_Communication/PLANEJDO2/lib/mysql-connector-java-5.1.40-bin.jar
26-10-16_16:53:05 (main) INFO  [DataNucleus.SchemaTool] - >>  /home/inigo/workspace/Java/Internet_Communication/PLANEJDO2/bin
26-10-16_16:53:05 (main) INFO  [DataNucleus.SchemaTool] - >>  /home/inigo/workspace/Java/Internet_Communication/PLANEJDO2/resources
26-10-16_16:53:06 (main) INFO  [DataNucleus.Persistence] - Propiedad datanucleus.autocreateall desconocida - vamos a ignorarla
26-10-16_16:53:08 (main) INFO  [DataNucleus.SchemaTool] - DataNucleus SchemaTool : Ficheros
26-10-16_16:53:08 (main) INFO  [DataNucleus.SchemaTool] - >>  /home/inigo/workspace/Java/Internet_Communication/PLANEJDO2/bin/es/deusto/ingenieria/sd/jdo/inventory/Main.class
26-10-16_16:53:08 (main) INFO  [DataNucleus.SchemaTool] - >>  /home/inigo/workspace/Java/Internet_Communication/PLANEJDO2/bin/es/deusto/ingenieria/sd/jdo/inventory/Passenger.class
26-10-16_16:53:08 (main) INFO  [DataNucleus.SchemaTool] - >>  /home/inigo/workspace/Java/Internet_Communication/PLANEJDO2/bin/es/deusto/ingenieria/sd/jdo/inventory/Reservation.class
26-10-16_16:53:08 (main) INFO  [DataNucleus.SchemaTool] - >>  /home/inigo/workspace/Java/Internet_Communication/PLANEJDO2/bin/es/deusto/ingenieria/sd/jdo/inventory/User.class
26-10-16_16:53:15 (main) INFO  [DataNucleus.SchemaTool] - DataNucleus SchemaTool ha terminado con exito
26-10-16_16:53:16 (main) INFO  [DataNucleus.Persistence] - Propiedad datanucleus.autoCreateAll desconocida - vamos a ignorarla
26-10-16_17:12:03 (main) INFO  [DataNucleus.Enhancer] - DataNucleus Enhancer (versión 5.0.3) para el API "JDO" utilisando el JRE "{2}"
26-10-16_17:12:03 (main) INFO  [DataNucleus.Enhancer] - Escribiendo el archivo de clase "/home/inigo/workspace/Java/Internet_Communication/PLANEJDO2/bin/es/deusto/ingenieria/sd/jdo/inventory/Passenger.class" con definicion enhanced
26-10-16_17:12:03 (main) INFO  [DataNucleus.Enhancer] - Escribiendo el archivo de clase "/home/inigo/workspace/Java/Internet_Communication/PLANEJDO2/bin/es/deusto/ingenieria/sd/jdo/inventory/Reservation.class" con definicion enhanced
26-10-16_17:12:03 (main) INFO  [DataNucleus.Enhancer] - Escribiendo el archivo de clase "/home/inigo/workspace/Java/Internet_Communication/PLANEJDO2/bin/es/deusto/ingenieria/sd/jdo/inventory/User.class" con definicion enhanced
26-10-16_17:12:03 (main) INFO  [DataNucleus.Enhancer] - DataNucleus Enhancer ha terminado con exito para 3 clases.
26-10-16_17:12:04 (main) INFO  [DataNucleus.SchemaTool] - DataNucleus SchemaTool : Creación del esquema para clases
26-10-16_17:12:04 (main) INFO  [DataNucleus.SchemaTool] - DataNucleus SchemaTool : Classpath
26-10-16_17:12:04 (main) INFO  [DataNucleus.SchemaTool] - >>  /home/inigo/workspace/Java/Internet_Communication/PLANEJDO2/lib/datanucleus-api-jdo-5.0.3.jar
26-10-16_17:12:04 (main) INFO  [DataNucleus.SchemaTool] - >>  /home/inigo/workspace/Java/Internet_Communication/PLANEJDO2/lib/datanucleus-core-5.0.3.jar
26-10-16_17:12:04 (main) INFO  [DataNucleus.SchemaTool] - >>  /home/inigo/workspace/Java/Internet_Communication/PLANEJDO2/lib/datanucleus-rdbms-5.0.3.jar
26-10-16_17:12:04 (main) INFO  [DataNucleus.SchemaTool] - >>  /home/inigo/workspace/Java/Internet_Communication/PLANEJDO2/lib/javax.jdo-3.2.0-m5.jar
26-10-16_17:12:04 (main) INFO  [DataNucleus.SchemaTool] - >>  /home/inigo/workspace/Java/Internet_Communication/PLANEJDO2/lib/log4j-1.2.14.jar
26-10-16_17:12:04 (main) INFO  [DataNucleus.SchemaTool] - >>  /home/inigo/workspace/Java/Internet_Communication/PLANEJDO2/lib/mysql-connector-java-5.1.40-bin.jar
26-10-16_17:12:04 (main) INFO  [DataNucleus.SchemaTool] - >>  /home/inigo/workspace/Java/Internet_Communication/PLANEJDO2/bin
26-10-16_17:12:04 (main) INFO  [DataNucleus.SchemaTool] - >>  /home/inigo/workspace/Java/Internet_Communication/PLANEJDO2/resources
26-10-16_17:12:04 (main) INFO  [DataNucleus.Persistence] - Propiedad datanucleus.autocreateall desconocida - vamos a ignorarla
26-10-16_17:12:06 (main) INFO  [DataNucleus.SchemaTool] - DataNucleus SchemaTool : Ficheros
26-10-16_17:12:06 (main) INFO  [DataNucleus.SchemaTool] - >>  /home/inigo/workspace/Java/Internet_Communication/PLANEJDO2/bin/es/deusto/ingenieria/sd/jdo/inventory/Main.class
26-10-16_17:12:06 (main) INFO  [DataNucleus.SchemaTool] - >>  /home/inigo/workspace/Java/Internet_Communication/PLANEJDO2/bin/es/deusto/ingenieria/sd/jdo/inventory/Passenger.class
26-10-16_17:12:06 (main) INFO  [DataNucleus.SchemaTool] - >>  /home/inigo/workspace/Java/Internet_Communication/PLANEJDO2/bin/es/deusto/ingenieria/sd/jdo/inventory/Reservation.class
26-10-16_17:12:06 (main) INFO  [DataNucleus.SchemaTool] - >>  /home/inigo/workspace/Java/Internet_Communication/PLANEJDO2/bin/es/deusto/ingenieria/sd/jdo/inventory/User.class
26-10-16_17:12:06 (main) INFO  [DataNucleus.SchemaTool] - DataNucleus SchemaTool ha terminado con exito
26-10-16_17:12:07 (main) INFO  [DataNucleus.Persistence] - Propiedad datanucleus.autoCreateAll desconocida - vamos a ignorarla
26-10-16_17:15:06 (main) INFO  [DataNucleus.Enhancer] - DataNucleus Enhancer (versión 5.0.3) para el API "JDO" utilisando el JRE "{2}"
26-10-16_17:15:06 (main) INFO  [DataNucleus.Enhancer] - Escribiendo el archivo de clase "/home/inigo/workspace/Java/Internet_Communication/PLANEJDO2/bin/es/deusto/ingenieria/sd/jdo/inventory/Passenger.class" con definicion enhanced
26-10-16_17:15:06 (main) INFO  [DataNucleus.Enhancer] - Escribiendo el archivo de clase "/home/inigo/workspace/Java/Internet_Communication/PLANEJDO2/bin/es/deusto/ingenieria/sd/jdo/inventory/Reservation.class" con definicion enhanced
26-10-16_17:15:06 (main) INFO  [DataNucleus.Enhancer] - Escribiendo el archivo de clase "/home/inigo/workspace/Java/Internet_Communication/PLANEJDO2/bin/es/deusto/ingenieria/sd/jdo/inventory/User.class" con definicion enhanced
26-10-16_17:15:06 (main) INFO  [DataNucleus.Enhancer] - DataNucleus Enhancer ha terminado con exito para 3 clases.
26-10-16_17:15:07 (main) INFO  [DataNucleus.SchemaTool] - DataNucleus SchemaTool : Creación del esquema para clases
26-10-16_17:15:07 (main) INFO  [DataNucleus.SchemaTool] - DataNucleus SchemaTool : Classpath
26-10-16_17:15:07 (main) INFO  [DataNucleus.SchemaTool] - >>  /home/inigo/workspace/Java/Internet_Communication/PLANEJDO2/lib/datanucleus-api-jdo-5.0.3.jar
26-10-16_17:15:07 (main) INFO  [DataNucleus.SchemaTool] - >>  /home/inigo/workspace/Java/Internet_Communication/PLANEJDO2/lib/datanucleus-core-5.0.3.jar
26-10-16_17:15:07 (main) INFO  [DataNucleus.SchemaTool] - >>  /home/inigo/workspace/Java/Internet_Communication/PLANEJDO2/lib/datanucleus-rdbms-5.0.3.jar
26-10-16_17:15:07 (main) INFO  [DataNucleus.SchemaTool] - >>  /home/inigo/workspace/Java/Internet_Communication/PLANEJDO2/lib/javax.jdo-3.2.0-m5.jar
26-10-16_17:15:07 (main) INFO  [DataNucleus.SchemaTool] - >>  /home/inigo/workspace/Java/Internet_Communication/PLANEJDO2/lib/log4j-1.2.14.jar
26-10-16_17:15:07 (main) INFO  [DataNucleus.SchemaTool] - >>  /home/inigo/workspace/Java/Internet_Communication/PLANEJDO2/lib/mysql-connector-java-5.1.40-bin.jar
26-10-16_17:15:07 (main) INFO  [DataNucleus.SchemaTool] - >>  /home/inigo/workspace/Java/Internet_Communication/PLANEJDO2/bin
26-10-16_17:15:07 (main) INFO  [DataNucleus.SchemaTool] - >>  /home/inigo/workspace/Java/Internet_Communication/PLANEJDO2/resources
26-10-16_17:15:07 (main) INFO  [DataNucleus.Persistence] - Propiedad datanucleus.autocreateall desconocida - vamos a ignorarla
26-10-16_17:15:09 (main) INFO  [DataNucleus.SchemaTool] - DataNucleus SchemaTool : Ficheros
26-10-16_17:15:09 (main) INFO  [DataNucleus.SchemaTool] - >>  /home/inigo/workspace/Java/Internet_Communication/PLANEJDO2/bin/es/deusto/ingenieria/sd/jdo/inventory/Main.class
26-10-16_17:15:09 (main) INFO  [DataNucleus.SchemaTool] - >>  /home/inigo/workspace/Java/Internet_Communication/PLANEJDO2/bin/es/deusto/ingenieria/sd/jdo/inventory/Passenger.class
26-10-16_17:15:09 (main) INFO  [DataNucleus.SchemaTool] - >>  /home/inigo/workspace/Java/Internet_Communication/PLANEJDO2/bin/es/deusto/ingenieria/sd/jdo/inventory/Reservation.class
26-10-16_17:15:09 (main) INFO  [DataNucleus.SchemaTool] - >>  /home/inigo/workspace/Java/Internet_Communication/PLANEJDO2/bin/es/deusto/ingenieria/sd/jdo/inventory/User.class
26-10-16_17:15:09 (main) INFO  [DataNucleus.SchemaTool] - DataNucleus SchemaTool ha terminado con exito
26-10-16_17:15:10 (main) INFO  [DataNucleus.Persistence] - Propiedad datanucleus.autoCreateAll desconocida - vamos a ignorarla
26-10-16_17:15:58 (main) INFO  [DataNucleus.Enhancer] - DataNucleus Enhancer (versión 5.0.3) para el API "JDO" utilisando el JRE "{2}"
26-10-16_17:15:59 (main) INFO  [DataNucleus.Enhancer] - Escribiendo el archivo de clase "/home/inigo/workspace/Java/Internet_Communication/PLANEJDO2/bin/es/deusto/ingenieria/sd/jdo/inventory/Passenger.class" con definicion enhanced
26-10-16_17:15:59 (main) INFO  [DataNucleus.Enhancer] - Escribiendo el archivo de clase "/home/inigo/workspace/Java/Internet_Communication/PLANEJDO2/bin/es/deusto/ingenieria/sd/jdo/inventory/Reservation.class" con definicion enhanced
26-10-16_17:15:59 (main) INFO  [DataNucleus.Enhancer] - Escribiendo el archivo de clase "/home/inigo/workspace/Java/Internet_Communication/PLANEJDO2/bin/es/deusto/ingenieria/sd/jdo/inventory/User.class" con definicion enhanced
26-10-16_17:15:59 (main) INFO  [DataNucleus.Enhancer] - DataNucleus Enhancer ha terminado con exito para 3 clases.
26-10-16_17:15:59 (main) INFO  [DataNucleus.SchemaTool] - DataNucleus SchemaTool : Creación del esquema para clases
26-10-16_17:15:59 (main) INFO  [DataNucleus.SchemaTool] - DataNucleus SchemaTool : Classpath
26-10-16_17:15:59 (main) INFO  [DataNucleus.SchemaTool] - >>  /home/inigo/workspace/Java/Internet_Communication/PLANEJDO2/lib/datanucleus-api-jdo-5.0.3.jar
26-10-16_17:15:59 (main) INFO  [DataNucleus.SchemaTool] - >>  /home/inigo/workspace/Java/Internet_Communication/PLANEJDO2/lib/datanucleus-core-5.0.3.jar
26-10-16_17:15:59 (main) INFO  [DataNucleus.SchemaTool] - >>  /home/inigo/workspace/Java/Internet_Communication/PLANEJDO2/lib/datanucleus-rdbms-5.0.3.jar
26-10-16_17:15:59 (main) INFO  [DataNucleus.SchemaTool] - >>  /home/inigo/workspace/Java/Internet_Communication/PLANEJDO2/lib/javax.jdo-3.2.0-m5.jar
26-10-16_17:15:59 (main) INFO  [DataNucleus.SchemaTool] - >>  /home/inigo/workspace/Java/Internet_Communication/PLANEJDO2/lib/log4j-1.2.14.jar
26-10-16_17:15:59 (main) INFO  [DataNucleus.SchemaTool] - >>  /home/inigo/workspace/Java/Internet_Communication/PLANEJDO2/lib/mysql-connector-java-5.1.40-bin.jar
26-10-16_17:15:59 (main) INFO  [DataNucleus.SchemaTool] - >>  /home/inigo/workspace/Java/Internet_Communication/PLANEJDO2/bin
26-10-16_17:15:59 (main) INFO  [DataNucleus.SchemaTool] - >>  /home/inigo/workspace/Java/Internet_Communication/PLANEJDO2/resources
26-10-16_17:16:00 (main) INFO  [DataNucleus.Persistence] - Propiedad datanucleus.autocreateall desconocida - vamos a ignorarla
26-10-16_17:16:02 (main) INFO  [DataNucleus.SchemaTool] - DataNucleus SchemaTool : Ficheros
26-10-16_17:16:02 (main) INFO  [DataNucleus.SchemaTool] - >>  /home/inigo/workspace/Java/Internet_Communication/PLANEJDO2/bin/es/deusto/ingenieria/sd/jdo/inventory/Main.class
26-10-16_17:16:02 (main) INFO  [DataNucleus.SchemaTool] - >>  /home/inigo/workspace/Java/Internet_Communication/PLANEJDO2/bin/es/deusto/ingenieria/sd/jdo/inventory/Passenger.class
26-10-16_17:16:02 (main) INFO  [DataNucleus.SchemaTool] - >>  /home/inigo/workspace/Java/Internet_Communication/PLANEJDO2/bin/es/deusto/ingenieria/sd/jdo/inventory/Reservation.class
26-10-16_17:16:02 (main) INFO  [DataNucleus.SchemaTool] - >>  /home/inigo/workspace/Java/Internet_Communication/PLANEJDO2/bin/es/deusto/ingenieria/sd/jdo/inventory/User.class
26-10-16_17:16:02 (main) INFO  [DataNucleus.SchemaTool] - DataNucleus SchemaTool ha terminado con exito
26-10-16_17:16:03 (main) INFO  [DataNucleus.Persistence] - Propiedad datanucleus.autoCreateAll desconocida - vamos a ignorarla
26-10-16_17:25:33 (main) INFO  [DataNucleus.Enhancer] - DataNucleus Enhancer (versión 5.0.3) para el API "JDO" utilisando el JRE "{2}"
26-10-16_17:25:33 (main) INFO  [DataNucleus.Enhancer] - Escribiendo el archivo de clase "/home/inigo/workspace/Java/Internet_Communication/PLANEJDO2/bin/es/deusto/ingenieria/sd/jdo/inventory/Passenger.class" con definicion enhanced
26-10-16_17:25:33 (main) INFO  [DataNucleus.Enhancer] - Escribiendo el archivo de clase "/home/inigo/workspace/Java/Internet_Communication/PLANEJDO2/bin/es/deusto/ingenieria/sd/jdo/inventory/Reservation.class" con definicion enhanced
26-10-16_17:25:33 (main) INFO  [DataNucleus.Enhancer] - Escribiendo el archivo de clase "/home/inigo/workspace/Java/Internet_Communication/PLANEJDO2/bin/es/deusto/ingenieria/sd/jdo/inventory/User.class" con definicion enhanced
26-10-16_17:25:33 (main) INFO  [DataNucleus.Enhancer] - DataNucleus Enhancer ha terminado con exito para 3 clases.
26-10-16_17:25:34 (main) INFO  [DataNucleus.SchemaTool] - DataNucleus SchemaTool : Creación del esquema para clases
26-10-16_17:25:34 (main) INFO  [DataNucleus.SchemaTool] - DataNucleus SchemaTool : Classpath
26-10-16_17:25:34 (main) INFO  [DataNucleus.SchemaTool] - >>  /home/inigo/workspace/Java/Internet_Communication/PLANEJDO2/lib/datanucleus-api-jdo-5.0.3.jar
26-10-16_17:25:34 (main) INFO  [DataNucleus.SchemaTool] - >>  /home/inigo/workspace/Java/Internet_Communication/PLANEJDO2/lib/datanucleus-core-5.0.3.jar
26-10-16_17:25:34 (main) INFO  [DataNucleus.SchemaTool] - >>  /home/inigo/workspace/Java/Internet_Communication/PLANEJDO2/lib/datanucleus-rdbms-5.0.3.jar
26-10-16_17:25:34 (main) INFO  [DataNucleus.SchemaTool] - >>  /home/inigo/workspace/Java/Internet_Communication/PLANEJDO2/lib/javax.jdo-3.2.0-m5.jar
26-10-16_17:25:34 (main) INFO  [DataNucleus.SchemaTool] - >>  /home/inigo/workspace/Java/Internet_Communication/PLANEJDO2/lib/log4j-1.2.14.jar
26-10-16_17:25:34 (main) INFO  [DataNucleus.SchemaTool] - >>  /home/inigo/workspace/Java/Internet_Communication/PLANEJDO2/lib/mysql-connector-java-5.1.40-bin.jar
26-10-16_17:25:34 (main) INFO  [DataNucleus.SchemaTool] - >>  /home/inigo/workspace/Java/Internet_Communication/PLANEJDO2/bin
26-10-16_17:25:34 (main) INFO  [DataNucleus.SchemaTool] - >>  /home/inigo/workspace/Java/Internet_Communication/PLANEJDO2/resources
26-10-16_17:25:34 (main) INFO  [DataNucleus.Persistence] - Propiedad datanucleus.autocreateall desconocida - vamos a ignorarla
26-10-16_17:25:36 (main) INFO  [DataNucleus.SchemaTool] - DataNucleus SchemaTool : Ficheros
26-10-16_17:25:36 (main) INFO  [DataNucleus.SchemaTool] - >>  /home/inigo/workspace/Java/Internet_Communication/PLANEJDO2/bin/es/deusto/ingenieria/sd/jdo/inventory/Main.class
26-10-16_17:25:36 (main) INFO  [DataNucleus.SchemaTool] - >>  /home/inigo/workspace/Java/Internet_Communication/PLANEJDO2/bin/es/deusto/ingenieria/sd/jdo/inventory/Passenger.class
26-10-16_17:25:36 (main) INFO  [DataNucleus.SchemaTool] - >>  /home/inigo/workspace/Java/Internet_Communication/PLANEJDO2/bin/es/deusto/ingenieria/sd/jdo/inventory/Reservation.class
26-10-16_17:25:36 (main) INFO  [DataNucleus.SchemaTool] - >>  /home/inigo/workspace/Java/Internet_Communication/PLANEJDO2/bin/es/deusto/ingenieria/sd/jdo/inventory/User.class
26-10-16_17:25:36 (main) INFO  [DataNucleus.SchemaTool] - DataNucleus SchemaTool ha terminado con exito
26-10-16_17:25:37 (main) INFO  [DataNucleus.Persistence] - Propiedad datanucleus.autoCreateAll desconocida - vamos a ignorarla
26-10-16_17:28:06 (main) INFO  [DataNucleus.SchemaTool] - DataNucleus SchemaTool : Eliminación del esquema para clases
26-10-16_17:28:06 (main) INFO  [DataNucleus.SchemaTool] - DataNucleus SchemaTool : Classpath
26-10-16_17:28:06 (main) INFO  [DataNucleus.SchemaTool] - >>  /home/inigo/workspace/Java/Internet_Communication/PLANEJDO2/lib/datanucleus-api-jdo-5.0.3.jar
26-10-16_17:28:06 (main) INFO  [DataNucleus.SchemaTool] - >>  /home/inigo/workspace/Java/Internet_Communication/PLANEJDO2/lib/datanucleus-core-5.0.3.jar
26-10-16_17:28:06 (main) INFO  [DataNucleus.SchemaTool] - >>  /home/inigo/workspace/Java/Internet_Communication/PLANEJDO2/lib/datanucleus-rdbms-5.0.3.jar
26-10-16_17:28:06 (main) INFO  [DataNucleus.SchemaTool] - >>  /home/inigo/workspace/Java/Internet_Communication/PLANEJDO2/lib/javax.jdo-3.2.0-m5.jar
26-10-16_17:28:06 (main) INFO  [DataNucleus.SchemaTool] - >>  /home/inigo/workspace/Java/Internet_Communication/PLANEJDO2/lib/log4j-1.2.14.jar
26-10-16_17:28:06 (main) INFO  [DataNucleus.SchemaTool] - >>  /home/inigo/workspace/Java/Internet_Communication/PLANEJDO2/lib/mysql-connector-java-5.1.40-bin.jar
26-10-16_17:28:06 (main) INFO  [DataNucleus.SchemaTool] - >>  /home/inigo/workspace/Java/Internet_Communication/PLANEJDO2/bin
26-10-16_17:28:06 (main) INFO  [DataNucleus.SchemaTool] - >>  /home/inigo/workspace/Java/Internet_Communication/PLANEJDO2/resources
26-10-16_17:28:06 (main) INFO  [DataNucleus.Persistence] - Propiedad datanucleus.autocreateall desconocida - vamos a ignorarla
26-10-16_17:28:08 (main) INFO  [DataNucleus.SchemaTool] - DataNucleus SchemaTool : Ficheros
26-10-16_17:28:08 (main) INFO  [DataNucleus.SchemaTool] - >>  /home/inigo/workspace/Java/Internet_Communication/PLANEJDO2/bin/es/deusto/ingenieria/sd/jdo/inventory/Main.class
26-10-16_17:28:08 (main) INFO  [DataNucleus.SchemaTool] - >>  /home/inigo/workspace/Java/Internet_Communication/PLANEJDO2/bin/es/deusto/ingenieria/sd/jdo/inventory/Passenger.class
26-10-16_17:28:08 (main) INFO  [DataNucleus.SchemaTool] - >>  /home/inigo/workspace/Java/Internet_Communication/PLANEJDO2/bin/es/deusto/ingenieria/sd/jdo/inventory/Reservation.class
26-10-16_17:28:08 (main) INFO  [DataNucleus.SchemaTool] - >>  /home/inigo/workspace/Java/Internet_Communication/PLANEJDO2/bin/es/deusto/ingenieria/sd/jdo/inventory/User.class
26-10-16_17:28:09 (main) INFO  [DataNucleus.SchemaTool] - DataNucleus SchemaTool ha terminado con exito
26-10-16_17:28:21 (main) INFO  [DataNucleus.Enhancer] - DataNucleus Enhancer (versión 5.0.3) para el API "JDO" utilisando el JRE "{2}"
26-10-16_17:28:22 (main) INFO  [DataNucleus.Enhancer] - Escribiendo el archivo de clase "/home/inigo/workspace/Java/Internet_Communication/PLANEJDO2/bin/es/deusto/ingenieria/sd/jdo/inventory/Passenger.class" con definicion enhanced
26-10-16_17:28:22 (main) INFO  [DataNucleus.Enhancer] - Escribiendo el archivo de clase "/home/inigo/workspace/Java/Internet_Communication/PLANEJDO2/bin/es/deusto/ingenieria/sd/jdo/inventory/Reservation.class" con definicion enhanced
26-10-16_17:28:22 (main) INFO  [DataNucleus.Enhancer] - Escribiendo el archivo de clase "/home/inigo/workspace/Java/Internet_Communication/PLANEJDO2/bin/es/deusto/ingenieria/sd/jdo/inventory/User.class" con definicion enhanced
26-10-16_17:28:22 (main) INFO  [DataNucleus.Enhancer] - DataNucleus Enhancer ha terminado con exito para 3 clases.
26-10-16_17:28:22 (main) INFO  [DataNucleus.SchemaTool] - DataNucleus SchemaTool : Creación del esquema para clases
26-10-16_17:28:22 (main) INFO  [DataNucleus.SchemaTool] - DataNucleus SchemaTool : Classpath
26-10-16_17:28:22 (main) INFO  [DataNucleus.SchemaTool] - >>  /home/inigo/workspace/Java/Internet_Communication/PLANEJDO2/lib/datanucleus-api-jdo-5.0.3.jar
26-10-16_17:28:22 (main) INFO  [DataNucleus.SchemaTool] - >>  /home/inigo/workspace/Java/Internet_Communication/PLANEJDO2/lib/datanucleus-core-5.0.3.jar
26-10-16_17:28:22 (main) INFO  [DataNucleus.SchemaTool] - >>  /home/inigo/workspace/Java/Internet_Communication/PLANEJDO2/lib/datanucleus-rdbms-5.0.3.jar
26-10-16_17:28:22 (main) INFO  [DataNucleus.SchemaTool] - >>  /home/inigo/workspace/Java/Internet_Communication/PLANEJDO2/lib/javax.jdo-3.2.0-m5.jar
26-10-16_17:28:22 (main) INFO  [DataNucleus.SchemaTool] - >>  /home/inigo/workspace/Java/Internet_Communication/PLANEJDO2/lib/log4j-1.2.14.jar
26-10-16_17:28:22 (main) INFO  [DataNucleus.SchemaTool] - >>  /home/inigo/workspace/Java/Internet_Communication/PLANEJDO2/lib/mysql-connector-java-5.1.40-bin.jar
26-10-16_17:28:22 (main) INFO  [DataNucleus.SchemaTool] - >>  /home/inigo/workspace/Java/Internet_Communication/PLANEJDO2/bin
26-10-16_17:28:22 (main) INFO  [DataNucleus.SchemaTool] - >>  /home/inigo/workspace/Java/Internet_Communication/PLANEJDO2/resources
26-10-16_17:28:22 (main) INFO  [DataNucleus.Persistence] - Propiedad datanucleus.autocreateall desconocida - vamos a ignorarla
26-10-16_17:28:24 (main) INFO  [DataNucleus.SchemaTool] - DataNucleus SchemaTool : Ficheros
26-10-16_17:28:24 (main) INFO  [DataNucleus.SchemaTool] - >>  /home/inigo/workspace/Java/Internet_Communication/PLANEJDO2/bin/es/deusto/ingenieria/sd/jdo/inventory/Main.class
26-10-16_17:28:24 (main) INFO  [DataNucleus.SchemaTool] - >>  /home/inigo/workspace/Java/Internet_Communication/PLANEJDO2/bin/es/deusto/ingenieria/sd/jdo/inventory/Passenger.class
26-10-16_17:28:24 (main) INFO  [DataNucleus.SchemaTool] - >>  /home/inigo/workspace/Java/Internet_Communication/PLANEJDO2/bin/es/deusto/ingenieria/sd/jdo/inventory/Reservation.class
26-10-16_17:28:24 (main) INFO  [DataNucleus.SchemaTool] - >>  /home/inigo/workspace/Java/Internet_Communication/PLANEJDO2/bin/es/deusto/ingenieria/sd/jdo/inventory/User.class
26-10-16_17:28:33 (main) INFO  [DataNucleus.SchemaTool] - DataNucleus SchemaTool ha terminado con exito
26-10-16_17:28:33 (main) INFO  [DataNucleus.Persistence] - Propiedad datanucleus.autoCreateAll desconocida - vamos a ignorarla
26-10-16_17:29:54 (main) INFO  [DataNucleus.SchemaTool] - DataNucleus SchemaTool : Eliminación del esquema para clases
26-10-16_17:29:54 (main) INFO  [DataNucleus.SchemaTool] - DataNucleus SchemaTool : Classpath
26-10-16_17:29:54 (main) INFO  [DataNucleus.SchemaTool] - >>  /home/inigo/workspace/Java/Internet_Communication/PLANEJDO2/lib/datanucleus-api-jdo-5.0.3.jar
26-10-16_17:29:54 (main) INFO  [DataNucleus.SchemaTool] - >>  /home/inigo/workspace/Java/Internet_Communication/PLANEJDO2/lib/datanucleus-core-5.0.3.jar
26-10-16_17:29:54 (main) INFO  [DataNucleus.SchemaTool] - >>  /home/inigo/workspace/Java/Internet_Communication/PLANEJDO2/lib/datanucleus-rdbms-5.0.3.jar
26-10-16_17:29:54 (main) INFO  [DataNucleus.SchemaTool] - >>  /home/inigo/workspace/Java/Internet_Communication/PLANEJDO2/lib/javax.jdo-3.2.0-m5.jar
26-10-16_17:29:54 (main) INFO  [DataNucleus.SchemaTool] - >>  /home/inigo/workspace/Java/Internet_Communication/PLANEJDO2/lib/log4j-1.2.14.jar
26-10-16_17:29:54 (main) INFO  [DataNucleus.SchemaTool] - >>  /home/inigo/workspace/Java/Internet_Communication/PLANEJDO2/lib/mysql-connector-java-5.1.40-bin.jar
26-10-16_17:29:54 (main) INFO  [DataNucleus.SchemaTool] - >>  /home/inigo/workspace/Java/Internet_Communication/PLANEJDO2/bin
26-10-16_17:29:54 (main) INFO  [DataNucleus.SchemaTool] - >>  /home/inigo/workspace/Java/Internet_Communication/PLANEJDO2/resources
26-10-16_17:29:54 (main) INFO  [DataNucleus.Persistence] - Propiedad datanucleus.autocreateall desconocida - vamos a ignorarla
26-10-16_17:29:56 (main) INFO  [DataNucleus.SchemaTool] - DataNucleus SchemaTool : Ficheros
26-10-16_17:29:56 (main) INFO  [DataNucleus.SchemaTool] - >>  /home/inigo/workspace/Java/Internet_Communication/PLANEJDO2/bin/es/deusto/ingenieria/sd/jdo/inventory/Main.class
26-10-16_17:29:56 (main) INFO  [DataNucleus.SchemaTool] - >>  /home/inigo/workspace/Java/Internet_Communication/PLANEJDO2/bin/es/deusto/ingenieria/sd/jdo/inventory/Passenger.class
26-10-16_17:29:56 (main) INFO  [DataNucleus.SchemaTool] - >>  /home/inigo/workspace/Java/Internet_Communication/PLANEJDO2/bin/es/deusto/ingenieria/sd/jdo/inventory/Reservation.class
26-10-16_17:29:56 (main) INFO  [DataNucleus.SchemaTool] - >>  /home/inigo/workspace/Java/Internet_Communication/PLANEJDO2/bin/es/deusto/ingenieria/sd/jdo/inventory/User.class
26-10-16_17:29:58 (main) INFO  [DataNucleus.SchemaTool] - DataNucleus SchemaTool ha terminado con exito
26-10-16_17:30:03 (main) INFO  [DataNucleus.Enhancer] - DataNucleus Enhancer (versión 5.0.3) para el API "JDO" utilisando el JRE "{2}"
26-10-16_17:30:03 (main) INFO  [DataNucleus.Enhancer] - Escribiendo el archivo de clase "/home/inigo/workspace/Java/Internet_Communication/PLANEJDO2/bin/es/deusto/ingenieria/sd/jdo/inventory/Passenger.class" con definicion enhanced
26-10-16_17:30:03 (main) INFO  [DataNucleus.Enhancer] - Escribiendo el archivo de clase "/home/inigo/workspace/Java/Internet_Communication/PLANEJDO2/bin/es/deusto/ingenieria/sd/jdo/inventory/Reservation.class" con definicion enhanced
26-10-16_17:30:03 (main) INFO  [DataNucleus.Enhancer] - Escribiendo el archivo de clase "/home/inigo/workspace/Java/Internet_Communication/PLANEJDO2/bin/es/deusto/ingenieria/sd/jdo/inventory/User.class" con definicion enhanced
26-10-16_17:30:03 (main) INFO  [DataNucleus.Enhancer] - DataNucleus Enhancer ha terminado con exito para 3 clases.
26-10-16_17:30:04 (main) INFO  [DataNucleus.SchemaTool] - DataNucleus SchemaTool : Creación del esquema para clases
26-10-16_17:30:04 (main) INFO  [DataNucleus.SchemaTool] - DataNucleus SchemaTool : Classpath
26-10-16_17:30:04 (main) INFO  [DataNucleus.SchemaTool] - >>  /home/inigo/workspace/Java/Internet_Communication/PLANEJDO2/lib/datanucleus-api-jdo-5.0.3.jar
26-10-16_17:30:04 (main) INFO  [DataNucleus.SchemaTool] - >>  /home/inigo/workspace/Java/Internet_Communication/PLANEJDO2/lib/datanucleus-core-5.0.3.jar
26-10-16_17:30:04 (main) INFO  [DataNucleus.SchemaTool] - >>  /home/inigo/workspace/Java/Internet_Communication/PLANEJDO2/lib/datanucleus-rdbms-5.0.3.jar
26-10-16_17:30:04 (main) INFO  [DataNucleus.SchemaTool] - >>  /home/inigo/workspace/Java/Internet_Communication/PLANEJDO2/lib/javax.jdo-3.2.0-m5.jar
26-10-16_17:30:04 (main) INFO  [DataNucleus.SchemaTool] - >>  /home/inigo/workspace/Java/Internet_Communication/PLANEJDO2/lib/log4j-1.2.14.jar
26-10-16_17:30:04 (main) INFO  [DataNucleus.SchemaTool] - >>  /home/inigo/workspace/Java/Internet_Communication/PLANEJDO2/lib/mysql-connector-java-5.1.40-bin.jar
26-10-16_17:30:04 (main) INFO  [DataNucleus.SchemaTool] - >>  /home/inigo/workspace/Java/Internet_Communication/PLANEJDO2/bin
26-10-16_17:30:04 (main) INFO  [DataNucleus.SchemaTool] - >>  /home/inigo/workspace/Java/Internet_Communication/PLANEJDO2/resources
26-10-16_17:30:04 (main) INFO  [DataNucleus.Persistence] - Propiedad datanucleus.autocreateall desconocida - vamos a ignorarla
26-10-16_17:30:06 (main) INFO  [DataNucleus.SchemaTool] - DataNucleus SchemaTool : Ficheros
26-10-16_17:30:06 (main) INFO  [DataNucleus.SchemaTool] - >>  /home/inigo/workspace/Java/Internet_Communication/PLANEJDO2/bin/es/deusto/ingenieria/sd/jdo/inventory/Main.class
26-10-16_17:30:06 (main) INFO  [DataNucleus.SchemaTool] - >>  /home/inigo/workspace/Java/Internet_Communication/PLANEJDO2/bin/es/deusto/ingenieria/sd/jdo/inventory/Passenger.class
26-10-16_17:30:06 (main) INFO  [DataNucleus.SchemaTool] - >>  /home/inigo/workspace/Java/Internet_Communication/PLANEJDO2/bin/es/deusto/ingenieria/sd/jdo/inventory/Reservation.class
26-10-16_17:30:06 (main) INFO  [DataNucleus.SchemaTool] - >>  /home/inigo/workspace/Java/Internet_Communication/PLANEJDO2/bin/es/deusto/ingenieria/sd/jdo/inventory/User.class
26-10-16_17:30:15 (main) INFO  [DataNucleus.SchemaTool] - DataNucleus SchemaTool ha terminado con exito
26-10-16_17:30:16 (main) INFO  [DataNucleus.Persistence] - Propiedad datanucleus.autoCreateAll desconocida - vamos a ignorarla
26-10-16_17:31:00 (main) INFO  [DataNucleus.Enhancer] - DataNucleus Enhancer (versión 5.0.3) para el API "JDO" utilisando el JRE "{2}"
26-10-16_17:31:00 (main) INFO  [DataNucleus.Enhancer] - Escribiendo el archivo de clase "/home/inigo/workspace/Java/Internet_Communication/PLANEJDO2/bin/es/deusto/ingenieria/sd/jdo/inventory/Passenger.class" con definicion enhanced
26-10-16_17:31:00 (main) INFO  [DataNucleus.Enhancer] - Escribiendo el archivo de clase "/home/inigo/workspace/Java/Internet_Communication/PLANEJDO2/bin/es/deusto/ingenieria/sd/jdo/inventory/Reservation.class" con definicion enhanced
26-10-16_17:31:00 (main) INFO  [DataNucleus.Enhancer] - Escribiendo el archivo de clase "/home/inigo/workspace/Java/Internet_Communication/PLANEJDO2/bin/es/deusto/ingenieria/sd/jdo/inventory/User.class" con definicion enhanced
26-10-16_17:31:00 (main) INFO  [DataNucleus.Enhancer] - DataNucleus Enhancer ha terminado con exito para 3 clases.
26-10-16_17:31:00 (main) INFO  [DataNucleus.SchemaTool] - DataNucleus SchemaTool : Creación del esquema para clases
26-10-16_17:31:00 (main) INFO  [DataNucleus.SchemaTool] - DataNucleus SchemaTool : Classpath
26-10-16_17:31:00 (main) INFO  [DataNucleus.SchemaTool] - >>  /home/inigo/workspace/Java/Internet_Communication/PLANEJDO2/lib/datanucleus-api-jdo-5.0.3.jar
26-10-16_17:31:00 (main) INFO  [DataNucleus.SchemaTool] - >>  /home/inigo/workspace/Java/Internet_Communication/PLANEJDO2/lib/datanucleus-core-5.0.3.jar
26-10-16_17:31:00 (main) INFO  [DataNucleus.SchemaTool] - >>  /home/inigo/workspace/Java/Internet_Communication/PLANEJDO2/lib/datanucleus-rdbms-5.0.3.jar
26-10-16_17:31:00 (main) INFO  [DataNucleus.SchemaTool] - >>  /home/inigo/workspace/Java/Internet_Communication/PLANEJDO2/lib/javax.jdo-3.2.0-m5.jar
26-10-16_17:31:00 (main) INFO  [DataNucleus.SchemaTool] - >>  /home/inigo/workspace/Java/Internet_Communication/PLANEJDO2/lib/log4j-1.2.14.jar
26-10-16_17:31:00 (main) INFO  [DataNucleus.SchemaTool] - >>  /home/inigo/workspace/Java/Internet_Communication/PLANEJDO2/lib/mysql-connector-java-5.1.40-bin.jar
26-10-16_17:31:00 (main) INFO  [DataNucleus.SchemaTool] - >>  /home/inigo/workspace/Java/Internet_Communication/PLANEJDO2/bin
26-10-16_17:31:00 (main) INFO  [DataNucleus.SchemaTool] - >>  /home/inigo/workspace/Java/Internet_Communication/PLANEJDO2/resources
26-10-16_17:31:01 (main) INFO  [DataNucleus.Persistence] - Propiedad datanucleus.autocreateall desconocida - vamos a ignorarla
26-10-16_17:31:03 (main) INFO  [DataNucleus.SchemaTool] - DataNucleus SchemaTool : Ficheros
26-10-16_17:31:03 (main) INFO  [DataNucleus.SchemaTool] - >>  /home/inigo/workspace/Java/Internet_Communication/PLANEJDO2/bin/es/deusto/ingenieria/sd/jdo/inventory/Main.class
26-10-16_17:31:03 (main) INFO  [DataNucleus.SchemaTool] - >>  /home/inigo/workspace/Java/Internet_Communication/PLANEJDO2/bin/es/deusto/ingenieria/sd/jdo/inventory/Passenger.class
26-10-16_17:31:03 (main) INFO  [DataNucleus.SchemaTool] - >>  /home/inigo/workspace/Java/Internet_Communication/PLANEJDO2/bin/es/deusto/ingenieria/sd/jdo/inventory/Reservation.class
26-10-16_17:31:03 (main) INFO  [DataNucleus.SchemaTool] - >>  /home/inigo/workspace/Java/Internet_Communication/PLANEJDO2/bin/es/deusto/ingenieria/sd/jdo/inventory/User.class
26-10-16_17:31:03 (main) INFO  [DataNucleus.SchemaTool] - DataNucleus SchemaTool ha terminado con exito
26-10-16_17:31:04 (main) INFO  [DataNucleus.Persistence] - Propiedad datanucleus.autoCreateAll desconocida - vamos a ignorarla
26-10-16_17:33:23 (main) INFO  [DataNucleus.SchemaTool] - DataNucleus SchemaTool : Eliminación del esquema para clases
26-10-16_17:33:23 (main) INFO  [DataNucleus.SchemaTool] - DataNucleus SchemaTool : Classpath
26-10-16_17:33:23 (main) INFO  [DataNucleus.SchemaTool] - >>  /home/inigo/workspace/Java/Internet_Communication/PLANEJDO2/lib/datanucleus-api-jdo-5.0.3.jar
26-10-16_17:33:23 (main) INFO  [DataNucleus.SchemaTool] - >>  /home/inigo/workspace/Java/Internet_Communication/PLANEJDO2/lib/datanucleus-core-5.0.3.jar
26-10-16_17:33:23 (main) INFO  [DataNucleus.SchemaTool] - >>  /home/inigo/workspace/Java/Internet_Communication/PLANEJDO2/lib/datanucleus-rdbms-5.0.3.jar
26-10-16_17:33:23 (main) INFO  [DataNucleus.SchemaTool] - >>  /home/inigo/workspace/Java/Internet_Communication/PLANEJDO2/lib/javax.jdo-3.2.0-m5.jar
26-10-16_17:33:23 (main) INFO  [DataNucleus.SchemaTool] - >>  /home/inigo/workspace/Java/Internet_Communication/PLANEJDO2/lib/log4j-1.2.14.jar
26-10-16_17:33:23 (main) INFO  [DataNucleus.SchemaTool] - >>  /home/inigo/workspace/Java/Internet_Communication/PLANEJDO2/lib/mysql-connector-java-5.1.40-bin.jar
26-10-16_17:33:23 (main) INFO  [DataNucleus.SchemaTool] - >>  /home/inigo/workspace/Java/Internet_Communication/PLANEJDO2/bin
26-10-16_17:33:23 (main) INFO  [DataNucleus.SchemaTool] - >>  /home/inigo/workspace/Java/Internet_Communication/PLANEJDO2/resources
26-10-16_17:33:23 (main) INFO  [DataNucleus.Persistence] - Propiedad datanucleus.autocreateall desconocida - vamos a ignorarla
26-10-16_17:33:24 (main) INFO  [DataNucleus.SchemaTool] - DataNucleus SchemaTool : Ficheros
26-10-16_17:33:24 (main) INFO  [DataNucleus.SchemaTool] - >>  /home/inigo/workspace/Java/Internet_Communication/PLANEJDO2/bin/es/deusto/ingenieria/sd/jdo/inventory/Main.class
26-10-16_17:33:24 (main) INFO  [DataNucleus.SchemaTool] - >>  /home/inigo/workspace/Java/Internet_Communication/PLANEJDO2/bin/es/deusto/ingenieria/sd/jdo/inventory/Passenger.class
26-10-16_17:33:24 (main) INFO  [DataNucleus.SchemaTool] - >>  /home/inigo/workspace/Java/Internet_Communication/PLANEJDO2/bin/es/deusto/ingenieria/sd/jdo/inventory/Reservation.class
26-10-16_17:33:24 (main) INFO  [DataNucleus.SchemaTool] - >>  /home/inigo/workspace/Java/Internet_Communication/PLANEJDO2/bin/es/deusto/ingenieria/sd/jdo/inventory/User.class
26-10-16_17:33:26 (main) INFO  [DataNucleus.SchemaTool] - DataNucleus SchemaTool ha terminado con exito
26-10-16_17:33:49 (main) INFO  [DataNucleus.Enhancer] - DataNucleus Enhancer (versión 5.0.3) para el API "JDO" utilisando el JRE "{2}"
26-10-16_17:33:49 (main) INFO  [DataNucleus.Enhancer] - Escribiendo el archivo de clase "/home/inigo/workspace/Java/Internet_Communication/PLANEJDO2/bin/es/deusto/ingenieria/sd/jdo/inventory/Passenger.class" con definicion enhanced
26-10-16_17:33:49 (main) INFO  [DataNucleus.Enhancer] - Escribiendo el archivo de clase "/home/inigo/workspace/Java/Internet_Communication/PLANEJDO2/bin/es/deusto/ingenieria/sd/jdo/inventory/Reservation.class" con definicion enhanced
26-10-16_17:33:49 (main) INFO  [DataNucleus.Enhancer] - Escribiendo el archivo de clase "/home/inigo/workspace/Java/Internet_Communication/PLANEJDO2/bin/es/deusto/ingenieria/sd/jdo/inventory/User.class" con definicion enhanced
26-10-16_17:33:49 (main) INFO  [DataNucleus.Enhancer] - DataNucleus Enhancer ha terminado con exito para 3 clases.
26-10-16_17:33:49 (main) INFO  [DataNucleus.SchemaTool] - DataNucleus SchemaTool : Creación del esquema para clases
26-10-16_17:33:49 (main) INFO  [DataNucleus.SchemaTool] - DataNucleus SchemaTool : Classpath
26-10-16_17:33:49 (main) INFO  [DataNucleus.SchemaTool] - >>  /home/inigo/workspace/Java/Internet_Communication/PLANEJDO2/lib/datanucleus-api-jdo-5.0.3.jar
26-10-16_17:33:49 (main) INFO  [DataNucleus.SchemaTool] - >>  /home/inigo/workspace/Java/Internet_Communication/PLANEJDO2/lib/datanucleus-core-5.0.3.jar
26-10-16_17:33:49 (main) INFO  [DataNucleus.SchemaTool] - >>  /home/inigo/workspace/Java/Internet_Communication/PLANEJDO2/lib/datanucleus-rdbms-5.0.3.jar
26-10-16_17:33:49 (main) INFO  [DataNucleus.SchemaTool] - >>  /home/inigo/workspace/Java/Internet_Communication/PLANEJDO2/lib/javax.jdo-3.2.0-m5.jar
26-10-16_17:33:49 (main) INFO  [DataNucleus.SchemaTool] - >>  /home/inigo/workspace/Java/Internet_Communication/PLANEJDO2/lib/log4j-1.2.14.jar
26-10-16_17:33:49 (main) INFO  [DataNucleus.SchemaTool] - >>  /home/inigo/workspace/Java/Internet_Communication/PLANEJDO2/lib/mysql-connector-java-5.1.40-bin.jar
26-10-16_17:33:49 (main) INFO  [DataNucleus.SchemaTool] - >>  /home/inigo/workspace/Java/Internet_Communication/PLANEJDO2/bin
26-10-16_17:33:49 (main) INFO  [DataNucleus.SchemaTool] - >>  /home/inigo/workspace/Java/Internet_Communication/PLANEJDO2/resources
26-10-16_17:33:50 (main) INFO  [DataNucleus.Persistence] - Propiedad datanucleus.autocreateall desconocida - vamos a ignorarla
26-10-16_17:33:52 (main) INFO  [DataNucleus.SchemaTool] - DataNucleus SchemaTool : Ficheros
26-10-16_17:33:52 (main) INFO  [DataNucleus.SchemaTool] - >>  /home/inigo/workspace/Java/Internet_Communication/PLANEJDO2/bin/es/deusto/ingenieria/sd/jdo/inventory/Main.class
26-10-16_17:33:52 (main) INFO  [DataNucleus.SchemaTool] - >>  /home/inigo/workspace/Java/Internet_Communication/PLANEJDO2/bin/es/deusto/ingenieria/sd/jdo/inventory/Passenger.class
26-10-16_17:33:52 (main) INFO  [DataNucleus.SchemaTool] - >>  /home/inigo/workspace/Java/Internet_Communication/PLANEJDO2/bin/es/deusto/ingenieria/sd/jdo/inventory/Reservation.class
26-10-16_17:33:52 (main) INFO  [DataNucleus.SchemaTool] - >>  /home/inigo/workspace/Java/Internet_Communication/PLANEJDO2/bin/es/deusto/ingenieria/sd/jdo/inventory/User.class
26-10-16_17:34:00 (main) INFO  [DataNucleus.SchemaTool] - DataNucleus SchemaTool ha terminado con exito
26-10-16_17:34:01 (main) INFO  [DataNucleus.Persistence] - Propiedad datanucleus.autoCreateAll desconocida - vamos a ignorarla
26-10-16_17:34:09 (main) INFO  [DataNucleus.SchemaTool] - DataNucleus SchemaTool : Eliminación del esquema para clases
26-10-16_17:34:09 (main) INFO  [DataNucleus.SchemaTool] - DataNucleus SchemaTool : Classpath
26-10-16_17:34:09 (main) INFO  [DataNucleus.SchemaTool] - >>  /home/inigo/workspace/Java/Internet_Communication/PLANEJDO2/lib/datanucleus-api-jdo-5.0.3.jar
26-10-16_17:34:09 (main) INFO  [DataNucleus.SchemaTool] - >>  /home/inigo/workspace/Java/Internet_Communication/PLANEJDO2/lib/datanucleus-core-5.0.3.jar
26-10-16_17:34:09 (main) INFO  [DataNucleus.SchemaTool] - >>  /home/inigo/workspace/Java/Internet_Communication/PLANEJDO2/lib/datanucleus-rdbms-5.0.3.jar
26-10-16_17:34:09 (main) INFO  [DataNucleus.SchemaTool] - >>  /home/inigo/workspace/Java/Internet_Communication/PLANEJDO2/lib/javax.jdo-3.2.0-m5.jar
26-10-16_17:34:09 (main) INFO  [DataNucleus.SchemaTool] - >>  /home/inigo/workspace/Java/Internet_Communication/PLANEJDO2/lib/log4j-1.2.14.jar
26-10-16_17:34:09 (main) INFO  [DataNucleus.SchemaTool] - >>  /home/inigo/workspace/Java/Internet_Communication/PLANEJDO2/lib/mysql-connector-java-5.1.40-bin.jar
26-10-16_17:34:09 (main) INFO  [DataNucleus.SchemaTool] - >>  /home/inigo/workspace/Java/Internet_Communication/PLANEJDO2/bin
26-10-16_17:34:09 (main) INFO  [DataNucleus.SchemaTool] - >>  /home/inigo/workspace/Java/Internet_Communication/PLANEJDO2/resources
26-10-16_17:34:10 (main) INFO  [DataNucleus.Persistence] - Propiedad datanucleus.autocreateall desconocida - vamos a ignorarla
26-10-16_17:34:11 (main) INFO  [DataNucleus.SchemaTool] - DataNucleus SchemaTool : Ficheros
26-10-16_17:34:11 (main) INFO  [DataNucleus.SchemaTool] - >>  /home/inigo/workspace/Java/Internet_Communication/PLANEJDO2/bin/es/deusto/ingenieria/sd/jdo/inventory/Main.class
26-10-16_17:34:11 (main) INFO  [DataNucleus.SchemaTool] - >>  /home/inigo/workspace/Java/Internet_Communication/PLANEJDO2/bin/es/deusto/ingenieria/sd/jdo/inventory/Passenger.class
26-10-16_17:34:11 (main) INFO  [DataNucleus.SchemaTool] - >>  /home/inigo/workspace/Java/Internet_Communication/PLANEJDO2/bin/es/deusto/ingenieria/sd/jdo/inventory/Reservation.class
26-10-16_17:34:11 (main) INFO  [DataNucleus.SchemaTool] - >>  /home/inigo/workspace/Java/Internet_Communication/PLANEJDO2/bin/es/deusto/ingenieria/sd/jdo/inventory/User.class
26-10-16_17:34:13 (main) INFO  [DataNucleus.SchemaTool] - DataNucleus SchemaTool ha terminado con exito
26-10-16_17:34:23 (main) INFO  [DataNucleus.Enhancer] - DataNucleus Enhancer (versión 5.0.3) para el API "JDO" utilisando el JRE "{2}"
26-10-16_17:34:23 (main) INFO  [DataNucleus.Enhancer] - Escribiendo el archivo de clase "/home/inigo/workspace/Java/Internet_Communication/PLANEJDO2/bin/es/deusto/ingenieria/sd/jdo/inventory/Passenger.class" con definicion enhanced
26-10-16_17:34:23 (main) INFO  [DataNucleus.Enhancer] - Escribiendo el archivo de clase "/home/inigo/workspace/Java/Internet_Communication/PLANEJDO2/bin/es/deusto/ingenieria/sd/jdo/inventory/Reservation.class" con definicion enhanced
26-10-16_17:34:23 (main) INFO  [DataNucleus.Enhancer] - Escribiendo el archivo de clase "/home/inigo/workspace/Java/Internet_Communication/PLANEJDO2/bin/es/deusto/ingenieria/sd/jdo/inventory/User.class" con definicion enhanced
26-10-16_17:34:23 (main) INFO  [DataNucleus.Enhancer] - DataNucleus Enhancer ha terminado con exito para 3 clases.
26-10-16_17:34:24 (main) INFO  [DataNucleus.SchemaTool] - DataNucleus SchemaTool : Creación del esquema para clases
26-10-16_17:34:24 (main) INFO  [DataNucleus.SchemaTool] - DataNucleus SchemaTool : Classpath
26-10-16_17:34:24 (main) INFO  [DataNucleus.SchemaTool] - >>  /home/inigo/workspace/Java/Internet_Communication/PLANEJDO2/lib/datanucleus-api-jdo-5.0.3.jar
26-10-16_17:34:24 (main) INFO  [DataNucleus.SchemaTool] - >>  /home/inigo/workspace/Java/Internet_Communication/PLANEJDO2/lib/datanucleus-core-5.0.3.jar
26-10-16_17:34:24 (main) INFO  [DataNucleus.SchemaTool] - >>  /home/inigo/workspace/Java/Internet_Communication/PLANEJDO2/lib/datanucleus-rdbms-5.0.3.jar
26-10-16_17:34:24 (main) INFO  [DataNucleus.SchemaTool] - >>  /home/inigo/workspace/Java/Internet_Communication/PLANEJDO2/lib/javax.jdo-3.2.0-m5.jar
26-10-16_17:34:24 (main) INFO  [DataNucleus.SchemaTool] - >>  /home/inigo/workspace/Java/Internet_Communication/PLANEJDO2/lib/log4j-1.2.14.jar
26-10-16_17:34:24 (main) INFO  [DataNucleus.SchemaTool] - >>  /home/inigo/workspace/Java/Internet_Communication/PLANEJDO2/lib/mysql-connector-java-5.1.40-bin.jar
26-10-16_17:34:24 (main) INFO  [DataNucleus.SchemaTool] - >>  /home/inigo/workspace/Java/Internet_Communication/PLANEJDO2/bin
26-10-16_17:34:24 (main) INFO  [DataNucleus.SchemaTool] - >>  /home/inigo/workspace/Java/Internet_Communication/PLANEJDO2/resources
26-10-16_17:34:24 (main) INFO  [DataNucleus.Persistence] - Propiedad datanucleus.autocreateall desconocida - vamos a ignorarla
26-10-16_17:34:26 (main) INFO  [DataNucleus.SchemaTool] - DataNucleus SchemaTool : Ficheros
26-10-16_17:34:26 (main) INFO  [DataNucleus.SchemaTool] - >>  /home/inigo/workspace/Java/Internet_Communication/PLANEJDO2/bin/es/deusto/ingenieria/sd/jdo/inventory/Main.class
26-10-16_17:34:26 (main) INFO  [DataNucleus.SchemaTool] - >>  /home/inigo/workspace/Java/Internet_Communication/PLANEJDO2/bin/es/deusto/ingenieria/sd/jdo/inventory/Passenger.class
26-10-16_17:34:26 (main) INFO  [DataNucleus.SchemaTool] - >>  /home/inigo/workspace/Java/Internet_Communication/PLANEJDO2/bin/es/deusto/ingenieria/sd/jdo/inventory/Reservation.class
26-10-16_17:34:26 (main) INFO  [DataNucleus.SchemaTool] - >>  /home/inigo/workspace/Java/Internet_Communication/PLANEJDO2/bin/es/deusto/ingenieria/sd/jdo/inventory/User.class
26-10-16_17:34:35 (main) INFO  [DataNucleus.SchemaTool] - DataNucleus SchemaTool ha terminado con exito
26-10-16_17:34:36 (main) INFO  [DataNucleus.Persistence] - Propiedad datanucleus.autoCreateAll desconocida - vamos a ignorarla
26-10-16_17:35:40 (main) INFO  [DataNucleus.SchemaTool] - DataNucleus SchemaTool : Eliminación del esquema para clases
26-10-16_17:35:40 (main) INFO  [DataNucleus.SchemaTool] - DataNucleus SchemaTool : Classpath
26-10-16_17:35:40 (main) INFO  [DataNucleus.SchemaTool] - >>  /home/inigo/workspace/Java/Internet_Communication/PLANEJDO2/lib/datanucleus-api-jdo-5.0.3.jar
26-10-16_17:35:40 (main) INFO  [DataNucleus.SchemaTool] - >>  /home/inigo/workspace/Java/Internet_Communication/PLANEJDO2/lib/datanucleus-core-5.0.3.jar
26-10-16_17:35:40 (main) INFO  [DataNucleus.SchemaTool] - >>  /home/inigo/workspace/Java/Internet_Communication/PLANEJDO2/lib/datanucleus-rdbms-5.0.3.jar
26-10-16_17:35:40 (main) INFO  [DataNucleus.SchemaTool] - >>  /home/inigo/workspace/Java/Internet_Communication/PLANEJDO2/lib/javax.jdo-3.2.0-m5.jar
26-10-16_17:35:40 (main) INFO  [DataNucleus.SchemaTool] - >>  /home/inigo/workspace/Java/Internet_Communication/PLANEJDO2/lib/log4j-1.2.14.jar
26-10-16_17:35:40 (main) INFO  [DataNucleus.SchemaTool] - >>  /home/inigo/workspace/Java/Internet_Communication/PLANEJDO2/lib/mysql-connector-java-5.1.40-bin.jar
26-10-16_17:35:40 (main) INFO  [DataNucleus.SchemaTool] - >>  /home/inigo/workspace/Java/Internet_Communication/PLANEJDO2/bin
26-10-16_17:35:40 (main) INFO  [DataNucleus.SchemaTool] - >>  /home/inigo/workspace/Java/Internet_Communication/PLANEJDO2/resources
26-10-16_17:35:40 (main) INFO  [DataNucleus.Persistence] - Propiedad datanucleus.autocreateall desconocida - vamos a ignorarla
26-10-16_17:35:42 (main) INFO  [DataNucleus.SchemaTool] - DataNucleus SchemaTool : Ficheros
26-10-16_17:35:42 (main) INFO  [DataNucleus.SchemaTool] - >>  /home/inigo/workspace/Java/Internet_Communication/PLANEJDO2/bin/es/deusto/ingenieria/sd/jdo/inventory/Main.class
26-10-16_17:35:42 (main) INFO  [DataNucleus.SchemaTool] - >>  /home/inigo/workspace/Java/Internet_Communication/PLANEJDO2/bin/es/deusto/ingenieria/sd/jdo/inventory/Passenger.class
26-10-16_17:35:42 (main) INFO  [DataNucleus.SchemaTool] - >>  /home/inigo/workspace/Java/Internet_Communication/PLANEJDO2/bin/es/deusto/ingenieria/sd/jdo/inventory/Reservation.class
26-10-16_17:35:42 (main) INFO  [DataNucleus.SchemaTool] - >>  /home/inigo/workspace/Java/Internet_Communication/PLANEJDO2/bin/es/deusto/ingenieria/sd/jdo/inventory/User.class
26-10-16_17:35:43 (main) INFO  [DataNucleus.SchemaTool] - DataNucleus SchemaTool ha terminado con exito
26-10-16_17:35:59 (main) INFO  [DataNucleus.Enhancer] - DataNucleus Enhancer (versión 5.0.3) para el API "JDO" utilisando el JRE "{2}"
26-10-16_17:35:59 (main) INFO  [DataNucleus.Enhancer] - Escribiendo el archivo de clase "/home/inigo/workspace/Java/Internet_Communication/PLANEJDO2/bin/es/deusto/ingenieria/sd/jdo/inventory/Passenger.class" con definicion enhanced
26-10-16_17:35:59 (main) INFO  [DataNucleus.Enhancer] - Escribiendo el archivo de clase "/home/inigo/workspace/Java/Internet_Communication/PLANEJDO2/bin/es/deusto/ingenieria/sd/jdo/inventory/Reservation.class" con definicion enhanced
26-10-16_17:35:59 (main) INFO  [DataNucleus.Enhancer] - Escribiendo el archivo de clase "/home/inigo/workspace/Java/Internet_Communication/PLANEJDO2/bin/es/deusto/ingenieria/sd/jdo/inventory/User.class" con definicion enhanced
26-10-16_17:35:59 (main) INFO  [DataNucleus.Enhancer] - DataNucleus Enhancer ha terminado con exito para 3 clases.
26-10-16_17:35:59 (main) INFO  [DataNucleus.SchemaTool] - DataNucleus SchemaTool : Creación del esquema para clases
26-10-16_17:35:59 (main) INFO  [DataNucleus.SchemaTool] - DataNucleus SchemaTool : Classpath
26-10-16_17:35:59 (main) INFO  [DataNucleus.SchemaTool] - >>  /home/inigo/workspace/Java/Internet_Communication/PLANEJDO2/lib/datanucleus-api-jdo-5.0.3.jar
26-10-16_17:35:59 (main) INFO  [DataNucleus.SchemaTool] - >>  /home/inigo/workspace/Java/Internet_Communication/PLANEJDO2/lib/datanucleus-core-5.0.3.jar
26-10-16_17:35:59 (main) INFO  [DataNucleus.SchemaTool] - >>  /home/inigo/workspace/Java/Internet_Communication/PLANEJDO2/lib/datanucleus-rdbms-5.0.3.jar
26-10-16_17:35:59 (main) INFO  [DataNucleus.SchemaTool] - >>  /home/inigo/workspace/Java/Internet_Communication/PLANEJDO2/lib/javax.jdo-3.2.0-m5.jar
26-10-16_17:35:59 (main) INFO  [DataNucleus.SchemaTool] - >>  /home/inigo/workspace/Java/Internet_Communication/PLANEJDO2/lib/log4j-1.2.14.jar
26-10-16_17:35:59 (main) INFO  [DataNucleus.SchemaTool] - >>  /home/inigo/workspace/Java/Internet_Communication/PLANEJDO2/lib/mysql-connector-java-5.1.40-bin.jar
26-10-16_17:35:59 (main) INFO  [DataNucleus.SchemaTool] - >>  /home/inigo/workspace/Java/Internet_Communication/PLANEJDO2/bin
26-10-16_17:35:59 (main) INFO  [DataNucleus.SchemaTool] - >>  /home/inigo/workspace/Java/Internet_Communication/PLANEJDO2/resources
26-10-16_17:36:00 (main) INFO  [DataNucleus.Persistence] - Propiedad datanucleus.autocreateall desconocida - vamos a ignorarla
26-10-16_17:36:02 (main) INFO  [DataNucleus.SchemaTool] - DataNucleus SchemaTool : Ficheros
26-10-16_17:36:02 (main) INFO  [DataNucleus.SchemaTool] - >>  /home/inigo/workspace/Java/Internet_Communication/PLANEJDO2/bin/es/deusto/ingenieria/sd/jdo/inventory/Main.class
26-10-16_17:36:02 (main) INFO  [DataNucleus.SchemaTool] - >>  /home/inigo/workspace/Java/Internet_Communication/PLANEJDO2/bin/es/deusto/ingenieria/sd/jdo/inventory/Passenger.class
26-10-16_17:36:02 (main) INFO  [DataNucleus.SchemaTool] - >>  /home/inigo/workspace/Java/Internet_Communication/PLANEJDO2/bin/es/deusto/ingenieria/sd/jdo/inventory/Reservation.class
26-10-16_17:36:02 (main) INFO  [DataNucleus.SchemaTool] - >>  /home/inigo/workspace/Java/Internet_Communication/PLANEJDO2/bin/es/deusto/ingenieria/sd/jdo/inventory/User.class
26-10-16_17:36:10 (main) INFO  [DataNucleus.SchemaTool] - DataNucleus SchemaTool ha terminado con exito
26-10-16_17:36:11 (main) INFO  [DataNucleus.Persistence] - Propiedad datanucleus.autoCreateAll desconocida - vamos a ignorarla
26-10-16_17:36:55 (main) INFO  [DataNucleus.SchemaTool] - DataNucleus SchemaTool : Eliminación del esquema para clases
26-10-16_17:36:55 (main) INFO  [DataNucleus.SchemaTool] - DataNucleus SchemaTool : Classpath
26-10-16_17:36:55 (main) INFO  [DataNucleus.SchemaTool] - >>  /home/inigo/workspace/Java/Internet_Communication/PLANEJDO2/lib/datanucleus-api-jdo-5.0.3.jar
26-10-16_17:36:55 (main) INFO  [DataNucleus.SchemaTool] - >>  /home/inigo/workspace/Java/Internet_Communication/PLANEJDO2/lib/datanucleus-core-5.0.3.jar
26-10-16_17:36:55 (main) INFO  [DataNucleus.SchemaTool] - >>  /home/inigo/workspace/Java/Internet_Communication/PLANEJDO2/lib/datanucleus-rdbms-5.0.3.jar
26-10-16_17:36:55 (main) INFO  [DataNucleus.SchemaTool] - >>  /home/inigo/workspace/Java/Internet_Communication/PLANEJDO2/lib/javax.jdo-3.2.0-m5.jar
26-10-16_17:36:55 (main) INFO  [DataNucleus.SchemaTool] - >>  /home/inigo/workspace/Java/Internet_Communication/PLANEJDO2/lib/log4j-1.2.14.jar
26-10-16_17:36:55 (main) INFO  [DataNucleus.SchemaTool] - >>  /home/inigo/workspace/Java/Internet_Communication/PLANEJDO2/lib/mysql-connector-java-5.1.40-bin.jar
26-10-16_17:36:55 (main) INFO  [DataNucleus.SchemaTool] - >>  /home/inigo/workspace/Java/Internet_Communication/PLANEJDO2/bin
26-10-16_17:36:55 (main) INFO  [DataNucleus.SchemaTool] - >>  /home/inigo/workspace/Java/Internet_Communication/PLANEJDO2/resources
26-10-16_17:36:55 (main) INFO  [DataNucleus.Persistence] - Propiedad datanucleus.autocreateall desconocida - vamos a ignorarla
26-10-16_17:36:56 (main) INFO  [DataNucleus.SchemaTool] - DataNucleus SchemaTool : Ficheros
26-10-16_17:36:56 (main) INFO  [DataNucleus.SchemaTool] - >>  /home/inigo/workspace/Java/Internet_Communication/PLANEJDO2/bin/es/deusto/ingenieria/sd/jdo/inventory/Main.class
26-10-16_17:36:56 (main) INFO  [DataNucleus.SchemaTool] - >>  /home/inigo/workspace/Java/Internet_Communication/PLANEJDO2/bin/es/deusto/ingenieria/sd/jdo/inventory/Passenger.class
26-10-16_17:36:56 (main) INFO  [DataNucleus.SchemaTool] - >>  /home/inigo/workspace/Java/Internet_Communication/PLANEJDO2/bin/es/deusto/ingenieria/sd/jdo/inventory/Reservation.class
26-10-16_17:36:56 (main) INFO  [DataNucleus.SchemaTool] - >>  /home/inigo/workspace/Java/Internet_Communication/PLANEJDO2/bin/es/deusto/ingenieria/sd/jdo/inventory/User.class
26-10-16_17:36:58 (main) INFO  [DataNucleus.SchemaTool] - DataNucleus SchemaTool ha terminado con exito
26-10-16_17:37:04 (main) INFO  [DataNucleus.Enhancer] - DataNucleus Enhancer (versión 5.0.3) para el API "JDO" utilisando el JRE "{2}"
26-10-16_17:37:04 (main) INFO  [DataNucleus.Enhancer] - Escribiendo el archivo de clase "/home/inigo/workspace/Java/Internet_Communication/PLANEJDO2/bin/es/deusto/ingenieria/sd/jdo/inventory/Passenger.class" con definicion enhanced
26-10-16_17:37:04 (main) INFO  [DataNucleus.Enhancer] - Escribiendo el archivo de clase "/home/inigo/workspace/Java/Internet_Communication/PLANEJDO2/bin/es/deusto/ingenieria/sd/jdo/inventory/Reservation.class" con definicion enhanced
26-10-16_17:37:04 (main) INFO  [DataNucleus.Enhancer] - Escribiendo el archivo de clase "/home/inigo/workspace/Java/Internet_Communication/PLANEJDO2/bin/es/deusto/ingenieria/sd/jdo/inventory/User.class" con definicion enhanced
26-10-16_17:37:04 (main) INFO  [DataNucleus.Enhancer] - DataNucleus Enhancer ha terminado con exito para 3 clases.
26-10-16_17:37:04 (main) INFO  [DataNucleus.SchemaTool] - DataNucleus SchemaTool : Creación del esquema para clases
26-10-16_17:37:04 (main) INFO  [DataNucleus.SchemaTool] - DataNucleus SchemaTool : Classpath
26-10-16_17:37:04 (main) INFO  [DataNucleus.SchemaTool] - >>  /home/inigo/workspace/Java/Internet_Communication/PLANEJDO2/lib/datanucleus-api-jdo-5.0.3.jar
26-10-16_17:37:04 (main) INFO  [DataNucleus.SchemaTool] - >>  /home/inigo/workspace/Java/Internet_Communication/PLANEJDO2/lib/datanucleus-core-5.0.3.jar
26-10-16_17:37:04 (main) INFO  [DataNucleus.SchemaTool] - >>  /home/inigo/workspace/Java/Internet_Communication/PLANEJDO2/lib/datanucleus-rdbms-5.0.3.jar
26-10-16_17:37:04 (main) INFO  [DataNucleus.SchemaTool] - >>  /home/inigo/workspace/Java/Internet_Communication/PLANEJDO2/lib/javax.jdo-3.2.0-m5.jar
26-10-16_17:37:04 (main) INFO  [DataNucleus.SchemaTool] - >>  /home/inigo/workspace/Java/Internet_Communication/PLANEJDO2/lib/log4j-1.2.14.jar
26-10-16_17:37:04 (main) INFO  [DataNucleus.SchemaTool] - >>  /home/inigo/workspace/Java/Internet_Communication/PLANEJDO2/lib/mysql-connector-java-5.1.40-bin.jar
26-10-16_17:37:04 (main) INFO  [DataNucleus.SchemaTool] - >>  /home/inigo/workspace/Java/Internet_Communication/PLANEJDO2/bin
26-10-16_17:37:04 (main) INFO  [DataNucleus.SchemaTool] - >>  /home/inigo/workspace/Java/Internet_Communication/PLANEJDO2/resources
26-10-16_17:37:05 (main) INFO  [DataNucleus.Persistence] - Propiedad datanucleus.autocreateall desconocida - vamos a ignorarla
26-10-16_17:37:07 (main) INFO  [DataNucleus.SchemaTool] - DataNucleus SchemaTool : Ficheros
26-10-16_17:37:07 (main) INFO  [DataNucleus.SchemaTool] - >>  /home/inigo/workspace/Java/Internet_Communication/PLANEJDO2/bin/es/deusto/ingenieria/sd/jdo/inventory/Main.class
26-10-16_17:37:07 (main) INFO  [DataNucleus.SchemaTool] - >>  /home/inigo/workspace/Java/Internet_Communication/PLANEJDO2/bin/es/deusto/ingenieria/sd/jdo/inventory/Passenger.class
26-10-16_17:37:07 (main) INFO  [DataNucleus.SchemaTool] - >>  /home/inigo/workspace/Java/Internet_Communication/PLANEJDO2/bin/es/deusto/ingenieria/sd/jdo/inventory/Reservation.class
26-10-16_17:37:07 (main) INFO  [DataNucleus.SchemaTool] - >>  /home/inigo/workspace/Java/Internet_Communication/PLANEJDO2/bin/es/deusto/ingenieria/sd/jdo/inventory/User.class
26-10-16_17:37:16 (main) INFO  [DataNucleus.SchemaTool] - DataNucleus SchemaTool ha terminado con exito
26-10-16_17:37:17 (main) INFO  [DataNucleus.Persistence] - Propiedad datanucleus.autoCreateAll desconocida - vamos a ignorarla
26-10-16_17:40:06 (main) INFO  [DataNucleus.SchemaTool] - DataNucleus SchemaTool : Eliminación del esquema para clases
26-10-16_17:40:06 (main) INFO  [DataNucleus.SchemaTool] - DataNucleus SchemaTool : Classpath
26-10-16_17:40:06 (main) INFO  [DataNucleus.SchemaTool] - >>  /home/inigo/workspace/Java/Internet_Communication/PLANEJDO2/lib/datanucleus-api-jdo-5.0.3.jar
26-10-16_17:40:06 (main) INFO  [DataNucleus.SchemaTool] - >>  /home/inigo/workspace/Java/Internet_Communication/PLANEJDO2/lib/datanucleus-core-5.0.3.jar
26-10-16_17:40:06 (main) INFO  [DataNucleus.SchemaTool] - >>  /home/inigo/workspace/Java/Internet_Communication/PLANEJDO2/lib/datanucleus-rdbms-5.0.3.jar
26-10-16_17:40:06 (main) INFO  [DataNucleus.SchemaTool] - >>  /home/inigo/workspace/Java/Internet_Communication/PLANEJDO2/lib/javax.jdo-3.2.0-m5.jar
26-10-16_17:40:06 (main) INFO  [DataNucleus.SchemaTool] - >>  /home/inigo/workspace/Java/Internet_Communication/PLANEJDO2/lib/log4j-1.2.14.jar
26-10-16_17:40:06 (main) INFO  [DataNucleus.SchemaTool] - >>  /home/inigo/workspace/Java/Internet_Communication/PLANEJDO2/lib/mysql-connector-java-5.1.40-bin.jar
26-10-16_17:40:06 (main) INFO  [DataNucleus.SchemaTool] - >>  /home/inigo/workspace/Java/Internet_Communication/PLANEJDO2/bin
26-10-16_17:40:06 (main) INFO  [DataNucleus.SchemaTool] - >>  /home/inigo/workspace/Java/Internet_Communication/PLANEJDO2/resources
26-10-16_17:40:06 (main) INFO  [DataNucleus.Persistence] - Propiedad datanucleus.autocreateall desconocida - vamos a ignorarla
26-10-16_17:40:07 (main) INFO  [DataNucleus.SchemaTool] - DataNucleus SchemaTool : Ficheros
26-10-16_17:40:07 (main) INFO  [DataNucleus.SchemaTool] - >>  /home/inigo/workspace/Java/Internet_Communication/PLANEJDO2/bin/es/deusto/ingenieria/sd/jdo/inventory/Main.class
26-10-16_17:40:07 (main) INFO  [DataNucleus.SchemaTool] - >>  /home/inigo/workspace/Java/Internet_Communication/PLANEJDO2/bin/es/deusto/ingenieria/sd/jdo/inventory/Passenger.class
26-10-16_17:40:07 (main) INFO  [DataNucleus.SchemaTool] - >>  /home/inigo/workspace/Java/Internet_Communication/PLANEJDO2/bin/es/deusto/ingenieria/sd/jdo/inventory/Reservation.class
26-10-16_17:40:07 (main) INFO  [DataNucleus.SchemaTool] - >>  /home/inigo/workspace/Java/Internet_Communication/PLANEJDO2/bin/es/deusto/ingenieria/sd/jdo/inventory/User.class
26-10-16_17:40:09 (main) INFO  [DataNucleus.SchemaTool] - DataNucleus SchemaTool ha terminado con exito
26-10-16_17:40:18 (main) INFO  [DataNucleus.Enhancer] - DataNucleus Enhancer (versión 5.0.3) para el API "JDO" utilisando el JRE "{2}"
26-10-16_17:40:18 (main) INFO  [DataNucleus.Enhancer] - Escribiendo el archivo de clase "/home/inigo/workspace/Java/Internet_Communication/PLANEJDO2/bin/es/deusto/ingenieria/sd/jdo/inventory/Passenger.class" con definicion enhanced
26-10-16_17:40:18 (main) INFO  [DataNucleus.Enhancer] - Escribiendo el archivo de clase "/home/inigo/workspace/Java/Internet_Communication/PLANEJDO2/bin/es/deusto/ingenieria/sd/jdo/inventory/Reservation.class" con definicion enhanced
26-10-16_17:40:18 (main) INFO  [DataNucleus.Enhancer] - Escribiendo el archivo de clase "/home/inigo/workspace/Java/Internet_Communication/PLANEJDO2/bin/es/deusto/ingenieria/sd/jdo/inventory/User.class" con definicion enhanced
26-10-16_17:40:18 (main) INFO  [DataNucleus.Enhancer] - DataNucleus Enhancer ha terminado con exito para 3 clases.
26-10-16_17:40:18 (main) INFO  [DataNucleus.SchemaTool] - DataNucleus SchemaTool : Creación del esquema para clases
26-10-16_17:40:18 (main) INFO  [DataNucleus.SchemaTool] - DataNucleus SchemaTool : Classpath
26-10-16_17:40:18 (main) INFO  [DataNucleus.SchemaTool] - >>  /home/inigo/workspace/Java/Internet_Communication/PLANEJDO2/lib/datanucleus-api-jdo-5.0.3.jar
26-10-16_17:40:18 (main) INFO  [DataNucleus.SchemaTool] - >>  /home/inigo/workspace/Java/Internet_Communication/PLANEJDO2/lib/datanucleus-core-5.0.3.jar
26-10-16_17:40:18 (main) INFO  [DataNucleus.SchemaTool] - >>  /home/inigo/workspace/Java/Internet_Communication/PLANEJDO2/lib/datanucleus-rdbms-5.0.3.jar
26-10-16_17:40:18 (main) INFO  [DataNucleus.SchemaTool] - >>  /home/inigo/workspace/Java/Internet_Communication/PLANEJDO2/lib/javax.jdo-3.2.0-m5.jar
26-10-16_17:40:18 (main) INFO  [DataNucleus.SchemaTool] - >>  /home/inigo/workspace/Java/Internet_Communication/PLANEJDO2/lib/log4j-1.2.14.jar
26-10-16_17:40:18 (main) INFO  [DataNucleus.SchemaTool] - >>  /home/inigo/workspace/Java/Internet_Communication/PLANEJDO2/lib/mysql-connector-java-5.1.40-bin.jar
26-10-16_17:40:18 (main) INFO  [DataNucleus.SchemaTool] - >>  /home/inigo/workspace/Java/Internet_Communication/PLANEJDO2/bin
26-10-16_17:40:18 (main) INFO  [DataNucleus.SchemaTool] - >>  /home/inigo/workspace/Java/Internet_Communication/PLANEJDO2/resources
26-10-16_17:40:19 (main) INFO  [DataNucleus.Persistence] - Propiedad datanucleus.autocreateall desconocida - vamos a ignorarla
26-10-16_17:40:21 (main) INFO  [DataNucleus.SchemaTool] - DataNucleus SchemaTool : Ficheros
26-10-16_17:40:21 (main) INFO  [DataNucleus.SchemaTool] - >>  /home/inigo/workspace/Java/Internet_Communication/PLANEJDO2/bin/es/deusto/ingenieria/sd/jdo/inventory/Main.class
26-10-16_17:40:21 (main) INFO  [DataNucleus.SchemaTool] - >>  /home/inigo/workspace/Java/Internet_Communication/PLANEJDO2/bin/es/deusto/ingenieria/sd/jdo/inventory/Passenger.class
26-10-16_17:40:21 (main) INFO  [DataNucleus.SchemaTool] - >>  /home/inigo/workspace/Java/Internet_Communication/PLANEJDO2/bin/es/deusto/ingenieria/sd/jdo/inventory/Reservation.class
26-10-16_17:40:21 (main) INFO  [DataNucleus.SchemaTool] - >>  /home/inigo/workspace/Java/Internet_Communication/PLANEJDO2/bin/es/deusto/ingenieria/sd/jdo/inventory/User.class
26-10-16_17:40:29 (main) INFO  [DataNucleus.SchemaTool] - DataNucleus SchemaTool ha terminado con exito
26-10-16_17:40:30 (main) INFO  [DataNucleus.Persistence] - Propiedad datanucleus.autoCreateAll desconocida - vamos a ignorarla
26-10-16_17:41:18 (main) INFO  [DataNucleus.SchemaTool] - DataNucleus SchemaTool : Eliminación del esquema para clases
26-10-16_17:41:18 (main) INFO  [DataNucleus.SchemaTool] - DataNucleus SchemaTool : Classpath
26-10-16_17:41:18 (main) INFO  [DataNucleus.SchemaTool] - >>  /home/inigo/workspace/Java/Internet_Communication/PLANEJDO2/lib/datanucleus-api-jdo-5.0.3.jar
26-10-16_17:41:18 (main) INFO  [DataNucleus.SchemaTool] - >>  /home/inigo/workspace/Java/Internet_Communication/PLANEJDO2/lib/datanucleus-core-5.0.3.jar
26-10-16_17:41:18 (main) INFO  [DataNucleus.SchemaTool] - >>  /home/inigo/workspace/Java/Internet_Communication/PLANEJDO2/lib/datanucleus-rdbms-5.0.3.jar
26-10-16_17:41:18 (main) INFO  [DataNucleus.SchemaTool] - >>  /home/inigo/workspace/Java/Internet_Communication/PLANEJDO2/lib/javax.jdo-3.2.0-m5.jar
26-10-16_17:41:18 (main) INFO  [DataNucleus.SchemaTool] - >>  /home/inigo/workspace/Java/Internet_Communication/PLANEJDO2/lib/log4j-1.2.14.jar
26-10-16_17:41:18 (main) INFO  [DataNucleus.SchemaTool] - >>  /home/inigo/workspace/Java/Internet_Communication/PLANEJDO2/lib/mysql-connector-java-5.1.40-bin.jar
26-10-16_17:41:18 (main) INFO  [DataNucleus.SchemaTool] - >>  /home/inigo/workspace/Java/Internet_Communication/PLANEJDO2/bin
26-10-16_17:41:18 (main) INFO  [DataNucleus.SchemaTool] - >>  /home/inigo/workspace/Java/Internet_Communication/PLANEJDO2/resources
26-10-16_17:41:19 (main) INFO  [DataNucleus.Persistence] - Propiedad datanucleus.autocreateall desconocida - vamos a ignorarla
26-10-16_17:41:20 (main) INFO  [DataNucleus.SchemaTool] - DataNucleus SchemaTool : Ficheros
26-10-16_17:41:20 (main) INFO  [DataNucleus.SchemaTool] - >>  /home/inigo/workspace/Java/Internet_Communication/PLANEJDO2/bin/es/deusto/ingenieria/sd/jdo/inventory/Main.class
26-10-16_17:41:20 (main) INFO  [DataNucleus.SchemaTool] - >>  /home/inigo/workspace/Java/Internet_Communication/PLANEJDO2/bin/es/deusto/ingenieria/sd/jdo/inventory/Passenger.class
26-10-16_17:41:20 (main) INFO  [DataNucleus.SchemaTool] - >>  /home/inigo/workspace/Java/Internet_Communication/PLANEJDO2/bin/es/deusto/ingenieria/sd/jdo/inventory/Reservation.class
26-10-16_17:41:20 (main) INFO  [DataNucleus.SchemaTool] - >>  /home/inigo/workspace/Java/Internet_Communication/PLANEJDO2/bin/es/deusto/ingenieria/sd/jdo/inventory/User.class
26-10-16_17:41:22 (main) INFO  [DataNucleus.SchemaTool] - DataNucleus SchemaTool ha terminado con exito
26-10-16_17:41:28 (main) INFO  [DataNucleus.Enhancer] - DataNucleus Enhancer (versión 5.0.3) para el API "JDO" utilisando el JRE "{2}"
26-10-16_17:41:29 (main) INFO  [DataNucleus.Enhancer] - Escribiendo el archivo de clase "/home/inigo/workspace/Java/Internet_Communication/PLANEJDO2/bin/es/deusto/ingenieria/sd/jdo/inventory/Passenger.class" con definicion enhanced
26-10-16_17:41:29 (main) INFO  [DataNucleus.Enhancer] - Escribiendo el archivo de clase "/home/inigo/workspace/Java/Internet_Communication/PLANEJDO2/bin/es/deusto/ingenieria/sd/jdo/inventory/Reservation.class" con definicion enhanced
26-10-16_17:41:29 (main) INFO  [DataNucleus.Enhancer] - Escribiendo el archivo de clase "/home/inigo/workspace/Java/Internet_Communication/PLANEJDO2/bin/es/deusto/ingenieria/sd/jdo/inventory/User.class" con definicion enhanced
26-10-16_17:41:29 (main) INFO  [DataNucleus.Enhancer] - DataNucleus Enhancer ha terminado con exito para 3 clases.
26-10-16_17:41:29 (main) INFO  [DataNucleus.SchemaTool] - DataNucleus SchemaTool : Creación del esquema para clases
26-10-16_17:41:29 (main) INFO  [DataNucleus.SchemaTool] - DataNucleus SchemaTool : Classpath
26-10-16_17:41:29 (main) INFO  [DataNucleus.SchemaTool] - >>  /home/inigo/workspace/Java/Internet_Communication/PLANEJDO2/lib/datanucleus-api-jdo-5.0.3.jar
26-10-16_17:41:29 (main) INFO  [DataNucleus.SchemaTool] - >>  /home/inigo/workspace/Java/Internet_Communication/PLANEJDO2/lib/datanucleus-core-5.0.3.jar
26-10-16_17:41:29 (main) INFO  [DataNucleus.SchemaTool] - >>  /home/inigo/workspace/Java/Internet_Communication/PLANEJDO2/lib/datanucleus-rdbms-5.0.3.jar
26-10-16_17:41:29 (main) INFO  [DataNucleus.SchemaTool] - >>  /home/inigo/workspace/Java/Internet_Communication/PLANEJDO2/lib/javax.jdo-3.2.0-m5.jar
26-10-16_17:41:29 (main) INFO  [DataNucleus.SchemaTool] - >>  /home/inigo/workspace/Java/Internet_Communication/PLANEJDO2/lib/log4j-1.2.14.jar
26-10-16_17:41:29 (main) INFO  [DataNucleus.SchemaTool] - >>  /home/inigo/workspace/Java/Internet_Communication/PLANEJDO2/lib/mysql-connector-java-5.1.40-bin.jar
26-10-16_17:41:29 (main) INFO  [DataNucleus.SchemaTool] - >>  /home/inigo/workspace/Java/Internet_Communication/PLANEJDO2/bin
26-10-16_17:41:29 (main) INFO  [DataNucleus.SchemaTool] - >>  /home/inigo/workspace/Java/Internet_Communication/PLANEJDO2/resources
26-10-16_17:41:30 (main) INFO  [DataNucleus.Persistence] - Propiedad datanucleus.autocreateall desconocida - vamos a ignorarla
26-10-16_17:41:32 (main) INFO  [DataNucleus.SchemaTool] - DataNucleus SchemaTool : Ficheros
26-10-16_17:41:32 (main) INFO  [DataNucleus.SchemaTool] - >>  /home/inigo/workspace/Java/Internet_Communication/PLANEJDO2/bin/es/deusto/ingenieria/sd/jdo/inventory/Main.class
26-10-16_17:41:32 (main) INFO  [DataNucleus.SchemaTool] - >>  /home/inigo/workspace/Java/Internet_Communication/PLANEJDO2/bin/es/deusto/ingenieria/sd/jdo/inventory/Passenger.class
26-10-16_17:41:32 (main) INFO  [DataNucleus.SchemaTool] - >>  /home/inigo/workspace/Java/Internet_Communication/PLANEJDO2/bin/es/deusto/ingenieria/sd/jdo/inventory/Reservation.class
26-10-16_17:41:32 (main) INFO  [DataNucleus.SchemaTool] - >>  /home/inigo/workspace/Java/Internet_Communication/PLANEJDO2/bin/es/deusto/ingenieria/sd/jdo/inventory/User.class
26-10-16_17:41:40 (main) INFO  [DataNucleus.SchemaTool] - DataNucleus SchemaTool ha terminado con exito
26-10-16_17:41:41 (main) INFO  [DataNucleus.Persistence] - Propiedad datanucleus.autoCreateAll desconocida - vamos a ignorarla
27-12-16_17:43:52 (main) INFO  [DataNucleus.Enhancer] - DataNucleus Enhancer (versión 5.0.3) para el API "JDO" utilisando el JRE "{2}"
27-12-16_17:43:53 (main) INFO  [DataNucleus.Enhancer] - Escribiendo el archivo de clase "/home/inigo/workspace/Java/Internet_Communication/PLANEJDO2/bin/es/deusto/ingenieria/sd/jdo/inventory/Passenger.class" con definicion enhanced
27-12-16_17:43:53 (main) INFO  [DataNucleus.Enhancer] - Escribiendo el archivo de clase "/home/inigo/workspace/Java/Internet_Communication/PLANEJDO2/bin/es/deusto/ingenieria/sd/jdo/inventory/Reservation.class" con definicion enhanced
27-12-16_17:43:53 (main) INFO  [DataNucleus.Enhancer] - Escribiendo el archivo de clase "/home/inigo/workspace/Java/Internet_Communication/PLANEJDO2/bin/es/deusto/ingenieria/sd/jdo/inventory/User.class" con definicion enhanced
27-12-16_17:43:53 (main) INFO  [DataNucleus.Enhancer] - DataNucleus Enhancer ha terminado con exito para 3 clases.
27-12-16_17:43:53 (main) INFO  [DataNucleus.SchemaTool] - DataNucleus SchemaTool : Creación del esquema para clases
27-12-16_17:43:53 (main) INFO  [DataNucleus.SchemaTool] - DataNucleus SchemaTool : Classpath
27-12-16_17:43:53 (main) INFO  [DataNucleus.SchemaTool] - >>  /home/inigo/workspace/Java/Internet_Communication/PLANEJDO2/lib/datanucleus-api-jdo-5.0.3.jar
27-12-16_17:43:53 (main) INFO  [DataNucleus.SchemaTool] - >>  /home/inigo/workspace/Java/Internet_Communication/PLANEJDO2/lib/datanucleus-core-5.0.3.jar
27-12-16_17:43:53 (main) INFO  [DataNucleus.SchemaTool] - >>  /home/inigo/workspace/Java/Internet_Communication/PLANEJDO2/lib/datanucleus-rdbms-5.0.3.jar
27-12-16_17:43:53 (main) INFO  [DataNucleus.SchemaTool] - >>  /home/inigo/workspace/Java/Internet_Communication/PLANEJDO2/lib/javax.jdo-3.2.0-m5.jar
27-12-16_17:43:53 (main) INFO  [DataNucleus.SchemaTool] - >>  /home/inigo/workspace/Java/Internet_Communication/PLANEJDO2/lib/log4j-1.2.14.jar
27-12-16_17:43:53 (main) INFO  [DataNucleus.SchemaTool] - >>  /home/inigo/workspace/Java/Internet_Communication/PLANEJDO2/lib/mysql-connector-java-5.1.40-bin.jar
27-12-16_17:43:53 (main) INFO  [DataNucleus.SchemaTool] - >>  /home/inigo/workspace/Java/Internet_Communication/PLANEJDO2/bin
27-12-16_17:43:53 (main) INFO  [DataNucleus.SchemaTool] - >>  /home/inigo/workspace/Java/Internet_Communication/PLANEJDO2/resources
27-12-16_17:43:54 (main) INFO  [DataNucleus.Persistence] - Propiedad datanucleus.autocreateall desconocida - vamos a ignorarla
27-12-16_17:43:59 (main) INFO  [DataNucleus.SchemaTool] - DataNucleus SchemaTool : Ficheros
27-12-16_17:43:59 (main) INFO  [DataNucleus.SchemaTool] - >>  /home/inigo/workspace/Java/Internet_Communication/PLANEJDO2/bin/es/deusto/ingenieria/sd/jdo/inventory/Main.class
27-12-16_17:43:59 (main) INFO  [DataNucleus.SchemaTool] - >>  /home/inigo/workspace/Java/Internet_Communication/PLANEJDO2/bin/es/deusto/ingenieria/sd/jdo/inventory/Passenger.class
27-12-16_17:43:59 (main) INFO  [DataNucleus.SchemaTool] - >>  /home/inigo/workspace/Java/Internet_Communication/PLANEJDO2/bin/es/deusto/ingenieria/sd/jdo/inventory/Reservation.class
27-12-16_17:43:59 (main) INFO  [DataNucleus.SchemaTool] - >>  /home/inigo/workspace/Java/Internet_Communication/PLANEJDO2/bin/es/deusto/ingenieria/sd/jdo/inventory/User.class
27-12-16_17:44:00 (main) INFO  [DataNucleus.SchemaTool] - DataNucleus SchemaTool ha terminado con exito
27-12-16_17:44:01 (main) INFO  [DataNucleus.Persistence] - Propiedad datanucleus.autoCreateAll desconocida - vamos a ignorarla
14-01-17_17:22:47 (main) INFO  [DataNucleus.Enhancer] - DataNucleus Enhancer (versión 5.0.3) para el API "JDO" utilisando el JRE "{2}"
14-01-17_17:22:47 (main) INFO  [DataNucleus.Enhancer] - Escribiendo el archivo de clase "/home/inigo/workspace/Java/Internet_Communication/Airline_Server_TW/bin/entities/Flight.class" con definicion enhanced
14-01-17_17:22:47 (main) INFO  [DataNucleus.Enhancer] - Escribiendo el archivo de clase "/home/inigo/workspace/Java/Internet_Communication/Airline_Server_TW/bin/entities/Reservation.class" con definicion enhanced
14-01-17_17:22:47 (main) INFO  [DataNucleus.Enhancer] - Escribiendo el archivo de clase "/home/inigo/workspace/Java/Internet_Communication/Airline_Server_TW/bin/entities/User.class" con definicion enhanced
14-01-17_17:22:47 (main) INFO  [DataNucleus.Enhancer] - DataNucleus Enhancer ha terminado con exito para 3 clases.
14-01-17_17:22:48 (main) INFO  [DataNucleus.SchemaTool] - DataNucleus SchemaTool : Creación del esquema para clases
14-01-17_17:22:48 (main) INFO  [DataNucleus.SchemaTool] - DataNucleus SchemaTool : Classpath
14-01-17_17:22:48 (main) INFO  [DataNucleus.SchemaTool] - >>  /home/inigo/workspace/Java/Internet_Communication/Airline_Server_TW/lib/datanucleus-api-jdo-5.0.3.jar
14-01-17_17:22:48 (main) INFO  [DataNucleus.SchemaTool] - >>  /home/inigo/workspace/Java/Internet_Communication/Airline_Server_TW/lib/datanucleus-core-5.0.3.jar
14-01-17_17:22:48 (main) INFO  [DataNucleus.SchemaTool] - >>  /home/inigo/workspace/Java/Internet_Communication/Airline_Server_TW/lib/datanucleus-rdbms-5.0.3.jar
14-01-17_17:22:48 (main) INFO  [DataNucleus.SchemaTool] - >>  /home/inigo/workspace/Java/Internet_Communication/Airline_Server_TW/lib/javax.jdo-3.2.0-m5.jar
14-01-17_17:22:48 (main) INFO  [DataNucleus.SchemaTool] - >>  /home/inigo/workspace/Java/Internet_Communication/Airline_Server_TW/lib/log4j-1.2.14.jar
14-01-17_17:22:48 (main) INFO  [DataNucleus.SchemaTool] - >>  /home/inigo/workspace/Java/Internet_Communication/Airline_Server_TW/lib/mysql-connector-java-5.1.40-bin.jar
14-01-17_17:22:48 (main) INFO  [DataNucleus.SchemaTool] - >>  /home/inigo/workspace/Java/Internet_Communication/Airline_Server_TW/bin
14-01-17_17:22:48 (main) INFO  [DataNucleus.SchemaTool] - >>  /home/inigo/workspace/Java/Internet_Communication/Airline_Server_TW/resources
14-01-17_17:22:49 (main) INFO  [DataNucleus.Persistence] - Propiedad datanucleus.autocreateall desconocida - vamos a ignorarla
14-01-17_17:22:51 (main) INFO  [DataNucleus.SchemaTool] - DataNucleus SchemaTool : Ficheros
14-01-17_17:22:51 (main) INFO  [DataNucleus.SchemaTool] - >>  /home/inigo/workspace/Java/Internet_Communication/Airline_Server_TW/bin/EasyBookingDao.class
14-01-17_17:22:51 (main) INFO  [DataNucleus.SchemaTool] - >>  /home/inigo/workspace/Java/Internet_Communication/Airline_Server_TW/bin/EasyBookingDaoImplement.class
14-01-17_17:22:51 (main) INFO  [DataNucleus.SchemaTool] - >>  /home/inigo/workspace/Java/Internet_Communication/Airline_Server_TW/bin/Main.class
14-01-17_17:22:51 (main) INFO  [DataNucleus.SchemaTool] - >>  /home/inigo/workspace/Java/Internet_Communication/Airline_Server_TW/bin/Server_Manager_Main.class
14-01-17_17:22:51 (main) INFO  [DataNucleus.SchemaTool] - >>  /home/inigo/workspace/Java/Internet_Communication/Airline_Server_TW/bin/entities/Flight.class
14-01-17_17:22:51 (main) INFO  [DataNucleus.SchemaTool] - >>  /home/inigo/workspace/Java/Internet_Communication/Airline_Server_TW/bin/entities/Reservation.class
14-01-17_17:22:51 (main) INFO  [DataNucleus.SchemaTool] - >>  /home/inigo/workspace/Java/Internet_Communication/Airline_Server_TW/bin/entities/User.class
14-01-17_17:22:51 (main) INFO  [DataNucleus.SchemaTool] - >>  /home/inigo/workspace/Java/Internet_Communication/Airline_Server_TW/bin/remote/IReservationService.class
14-01-17_17:22:51 (main) INFO  [DataNucleus.SchemaTool] - >>  /home/inigo/workspace/Java/Internet_Communication/Airline_Server_TW/bin/remote/ReservationService_Façade.class
14-01-17_17:22:52 (main) INFO  [DataNucleus.SchemaTool] - DataNucleus SchemaTool ha terminado con exito
14-01-17_17:22:53 (main) INFO  [DataNucleus.Persistence] - Propiedad datanucleus.autoCreateAll desconocida - vamos a ignorarla
14-01-17_17:22:56 (main) INFO  [DataNucleus.Persistence] - Propiedad datanucleus.autoCreateAll desconocida - vamos a ignorarla
14-01-17_17:22:57 (main) INFO  [DataNucleus.Persistence] - Propiedad datanucleus.autoCreateAll desconocida - vamos a ignorarla
14-01-17_17:22:57 (main) INFO  [DataNucleus.Persistence] - Propiedad datanucleus.autoCreateAll desconocida - vamos a ignorarla
14-01-17_17:22:58 (main) INFO  [DataNucleus.Persistence] - Propiedad datanucleus.autoCreateAll desconocida - vamos a ignorarla
14-01-17_17:22:58 (main) INFO  [DataNucleus.Persistence] - Propiedad datanucleus.autoCreateAll desconocida - vamos a ignorarla
14-01-17_17:22:58 (main) INFO  [DataNucleus.Persistence] - Propiedad datanucleus.autoCreateAll desconocida - vamos a ignorarla
14-01-17_17:22:59 (main) INFO  [DataNucleus.Persistence] - Propiedad datanucleus.autoCreateAll desconocida - vamos a ignorarla
14-01-17_17:22:59 (main) INFO  [DataNucleus.Persistence] - Propiedad datanucleus.autoCreateAll desconocida - vamos a ignorarla
14-01-17_17:23:00 (main) INFO  [DataNucleus.Persistence] - Propiedad datanucleus.autoCreateAll desconocida - vamos a ignorarla
14-01-17_17:23:00 (main) INFO  [DataNucleus.Persistence] - Propiedad datanucleus.autoCreateAll desconocida - vamos a ignorarla
14-01-17_17:23:01 (main) INFO  [DataNucleus.Persistence] - Propiedad datanucleus.autoCreateAll desconocida - vamos a ignorarla
14-01-17_17:23:01 (main) INFO  [DataNucleus.JDO] - Exception thrown
Invalid operator "=". Did you mean to use "=="?
org.datanucleus.store.query.QueryCompilerSyntaxException: Invalid operator "=". Did you mean to use "=="?
	at org.datanucleus.query.compiler.JDOQLParser.processRelationalExpression(JDOQLParser.java:490)
	at org.datanucleus.query.compiler.JDOQLParser.processAndExpression(JDOQLParser.java:439)
	at org.datanucleus.query.compiler.JDOQLParser.processExclusiveOrExpression(JDOQLParser.java:425)
	at org.datanucleus.query.compiler.JDOQLParser.processInclusiveOrExpression(JDOQLParser.java:411)
	at org.datanucleus.query.compiler.JDOQLParser.processConditionalAndExpression(JDOQLParser.java:397)
	at org.datanucleus.query.compiler.JDOQLParser.processConditionalOrExpression(JDOQLParser.java:378)
	at org.datanucleus.query.compiler.JDOQLParser.processExpression(JDOQLParser.java:367)
	at org.datanucleus.query.compiler.JDOQLParser.parse(JDOQLParser.java:90)
	at org.datanucleus.query.compiler.JavaQueryCompiler.compileFilter(JavaQueryCompiler.java:549)
	at org.datanucleus.query.compiler.JDOQLCompiler.compile(JDOQLCompiler.java:104)
	at org.datanucleus.store.query.AbstractJDOQLQuery.compileGeneric(AbstractJDOQLQuery.java:374)
	at org.datanucleus.store.query.AbstractJDOQLQuery.compileInternal(AbstractJDOQLQuery.java:419)
	at org.datanucleus.store.rdbms.query.JDOQLQuery.compileInternal(JDOQLQuery.java:246)
	at org.datanucleus.store.query.Query.executeQuery(Query.java:1883)
	at org.datanucleus.store.query.Query.executeWithArray(Query.java:1811)
	at org.datanucleus.store.query.Query.execute(Query.java:1793)
	at org.datanucleus.api.jdo.JDOQuery.executeInternal(JDOQuery.java:424)
	at org.datanucleus.api.jdo.JDOQuery.execute(JDOQuery.java:255)
	at EasyBookingDaoImplement.searchUser(Unknown Source)
	at Main.main(Unknown Source)
14-01-17_17:59:02 (main) INFO  [DataNucleus.Enhancer] - DataNucleus Enhancer (versión 5.0.3) para el API "JDO" utilisando el JRE "{2}"
14-01-17_17:59:02 (main) INFO  [DataNucleus.Enhancer] - Escribiendo el archivo de clase "/home/inigo/workspace/Java/Internet_Communication/Airline_Server_TW/bin/entities/Flight.class" con definicion enhanced
14-01-17_17:59:02 (main) INFO  [DataNucleus.Enhancer] - Escribiendo el archivo de clase "/home/inigo/workspace/Java/Internet_Communication/Airline_Server_TW/bin/entities/Reservation.class" con definicion enhanced
14-01-17_17:59:03 (main) INFO  [DataNucleus.Enhancer] - Escribiendo el archivo de clase "/home/inigo/workspace/Java/Internet_Communication/Airline_Server_TW/bin/entities/User.class" con definicion enhanced
14-01-17_17:59:03 (main) INFO  [DataNucleus.Enhancer] - DataNucleus Enhancer ha terminado con exito para 3 clases.
14-01-17_17:59:03 (main) INFO  [DataNucleus.SchemaTool] - DataNucleus SchemaTool : Creación del esquema para clases
14-01-17_17:59:03 (main) INFO  [DataNucleus.SchemaTool] - DataNucleus SchemaTool : Classpath
14-01-17_17:59:03 (main) INFO  [DataNucleus.SchemaTool] - >>  /home/inigo/workspace/Java/Internet_Communication/Airline_Server_TW/lib/datanucleus-api-jdo-5.0.3.jar
14-01-17_17:59:03 (main) INFO  [DataNucleus.SchemaTool] - >>  /home/inigo/workspace/Java/Internet_Communication/Airline_Server_TW/lib/datanucleus-core-5.0.3.jar
14-01-17_17:59:03 (main) INFO  [DataNucleus.SchemaTool] - >>  /home/inigo/workspace/Java/Internet_Communication/Airline_Server_TW/lib/datanucleus-rdbms-5.0.3.jar
14-01-17_17:59:03 (main) INFO  [DataNucleus.SchemaTool] - >>  /home/inigo/workspace/Java/Internet_Communication/Airline_Server_TW/lib/javax.jdo-3.2.0-m5.jar
14-01-17_17:59:03 (main) INFO  [DataNucleus.SchemaTool] - >>  /home/inigo/workspace/Java/Internet_Communication/Airline_Server_TW/lib/log4j-1.2.14.jar
14-01-17_17:59:03 (main) INFO  [DataNucleus.SchemaTool] - >>  /home/inigo/workspace/Java/Internet_Communication/Airline_Server_TW/lib/mysql-connector-java-5.1.40-bin.jar
14-01-17_17:59:03 (main) INFO  [DataNucleus.SchemaTool] - >>  /home/inigo/workspace/Java/Internet_Communication/Airline_Server_TW/bin
14-01-17_17:59:03 (main) INFO  [DataNucleus.SchemaTool] - >>  /home/inigo/workspace/Java/Internet_Communication/Airline_Server_TW/resources
14-01-17_17:59:04 (main) INFO  [DataNucleus.Persistence] - Propiedad datanucleus.autocreateall desconocida - vamos a ignorarla
14-01-17_17:59:06 (main) INFO  [DataNucleus.SchemaTool] - DataNucleus SchemaTool : Ficheros
14-01-17_17:59:06 (main) INFO  [DataNucleus.SchemaTool] - >>  /home/inigo/workspace/Java/Internet_Communication/Airline_Server_TW/bin/EasyBookingDao.class
14-01-17_17:59:06 (main) INFO  [DataNucleus.SchemaTool] - >>  /home/inigo/workspace/Java/Internet_Communication/Airline_Server_TW/bin/EasyBookingDaoImplement.class
14-01-17_17:59:06 (main) INFO  [DataNucleus.SchemaTool] - >>  /home/inigo/workspace/Java/Internet_Communication/Airline_Server_TW/bin/Main.class
14-01-17_17:59:06 (main) INFO  [DataNucleus.SchemaTool] - >>  /home/inigo/workspace/Java/Internet_Communication/Airline_Server_TW/bin/Server_Manager_Main.class
14-01-17_17:59:06 (main) INFO  [DataNucleus.SchemaTool] - >>  /home/inigo/workspace/Java/Internet_Communication/Airline_Server_TW/bin/entities/Flight.class
14-01-17_17:59:06 (main) INFO  [DataNucleus.SchemaTool] - >>  /home/inigo/workspace/Java/Internet_Communication/Airline_Server_TW/bin/entities/Reservation.class
14-01-17_17:59:06 (main) INFO  [DataNucleus.SchemaTool] - >>  /home/inigo/workspace/Java/Internet_Communication/Airline_Server_TW/bin/entities/User.class
14-01-17_17:59:06 (main) INFO  [DataNucleus.SchemaTool] - >>  /home/inigo/workspace/Java/Internet_Communication/Airline_Server_TW/bin/gateway/AirFrance.class
14-01-17_17:59:06 (main) INFO  [DataNucleus.SchemaTool] - >>  /home/inigo/workspace/Java/Internet_Communication/Airline_Server_TW/bin/gateway/IGateway.class
14-01-17_17:59:06 (main) INFO  [DataNucleus.SchemaTool] - >>  /home/inigo/workspace/Java/Internet_Communication/Airline_Server_TW/bin/gateway/Iberia.class
14-01-17_17:59:06 (main) INFO  [DataNucleus.SchemaTool] - >>  /home/inigo/workspace/Java/Internet_Communication/Airline_Server_TW/bin/remote/IReservationService.class
14-01-17_17:59:06 (main) INFO  [DataNucleus.SchemaTool] - >>  /home/inigo/workspace/Java/Internet_Communication/Airline_Server_TW/bin/remote/ReservationService_Façade.class
14-01-17_17:59:07 (main) INFO  [DataNucleus.SchemaTool] - DataNucleus SchemaTool ha terminado con exito
14-01-17_17:59:08 (main) INFO  [DataNucleus.Persistence] - Propiedad datanucleus.autoCreateAll desconocida - vamos a ignorarla
14-01-17_17:59:11 (main) INFO  [DataNucleus.Persistence] - Propiedad datanucleus.autoCreateAll desconocida - vamos a ignorarla
14-01-17_17:59:12 (main) INFO  [DataNucleus.Persistence] - Propiedad datanucleus.autoCreateAll desconocida - vamos a ignorarla
14-01-17_17:59:12 (main) INFO  [DataNucleus.Persistence] - Propiedad datanucleus.autoCreateAll desconocida - vamos a ignorarla
14-01-17_17:59:12 (main) INFO  [DataNucleus.Persistence] - Propiedad datanucleus.autoCreateAll desconocida - vamos a ignorarla
14-01-17_17:59:13 (main) INFO  [DataNucleus.Persistence] - Propiedad datanucleus.autoCreateAll desconocida - vamos a ignorarla
14-01-17_17:59:13 (main) INFO  [DataNucleus.Persistence] - Propiedad datanucleus.autoCreateAll desconocida - vamos a ignorarla
14-01-17_17:59:13 (main) INFO  [DataNucleus.Persistence] - Propiedad datanucleus.autoCreateAll desconocida - vamos a ignorarla
14-01-17_17:59:13 (main) INFO  [DataNucleus.Persistence] - Propiedad datanucleus.autoCreateAll desconocida - vamos a ignorarla
14-01-17_17:59:14 (main) INFO  [DataNucleus.Persistence] - Propiedad datanucleus.autoCreateAll desconocida - vamos a ignorarla
14-01-17_17:59:15 (main) INFO  [DataNucleus.Persistence] - Propiedad datanucleus.autoCreateAll desconocida - vamos a ignorarla
14-01-17_17:59:15 (main) INFO  [DataNucleus.Persistence] - Propiedad datanucleus.autoCreateAll desconocida - vamos a ignorarla
14-01-17_17:59:15 (main) INFO  [DataNucleus.JDO] - Exception thrown
Variable 'user1' is unbound and cannot be determined (is it a misspelled field name? or is not intended to be a variable?)
org.datanucleus.exceptions.NucleusUserException: Variable 'user1' is unbound and cannot be determined (is it a misspelled field name? or is not intended to be a variable?)
	at org.datanucleus.store.rdbms.query.QueryToSQLMapper.processUnboundExpression(QueryToSQLMapper.java:4508)
	at org.datanucleus.store.rdbms.query.QueryToSQLMapper.processEqExpression(QueryToSQLMapper.java:2507)
	at org.datanucleus.query.expression.AbstractExpressionEvaluator.compileRelationalExpression(AbstractExpressionEvaluator.java:80)
	at org.datanucleus.query.expression.AbstractExpressionEvaluator.compileOrAndExpression(AbstractExpressionEvaluator.java:68)
	at org.datanucleus.query.expression.AbstractExpressionEvaluator.evaluate(AbstractExpressionEvaluator.java:36)
	at org.datanucleus.query.expression.Expression.evaluate(Expression.java:338)
	at org.datanucleus.query.expression.DyadicExpression.evaluate(DyadicExpression.java:75)
	at org.datanucleus.store.rdbms.query.QueryToSQLMapper.compileFilter(QueryToSQLMapper.java:586)
	at org.datanucleus.store.rdbms.query.QueryToSQLMapper.compile(QueryToSQLMapper.java:462)
	at org.datanucleus.store.rdbms.query.JDOQLQuery.compileQueryFull(JDOQLQuery.java:894)
	at org.datanucleus.store.rdbms.query.JDOQLQuery.compileInternal(JDOQLQuery.java:354)
	at org.datanucleus.store.query.Query.executeQuery(Query.java:1883)
	at org.datanucleus.store.query.Query.executeWithArray(Query.java:1811)
	at org.datanucleus.store.query.Query.execute(Query.java:1793)
	at org.datanucleus.api.jdo.JDOQuery.executeInternal(JDOQuery.java:424)
	at org.datanucleus.api.jdo.JDOQuery.execute(JDOQuery.java:255)
	at EasyBookingDaoImplement.searchUser(Unknown Source)
	at Main.main(Unknown Source)
